<?xml version="1.0" encoding="UTF-8"?>
<Site BuildName="Windows-ninja.exe"
	BuildStamp="20240228-2045-Experimental"
	Name="DESKTOP-OM3S92P"
	Generator="ctest-3.27.8"
	CompilerName=""
	CompilerVersion=""
	OSName="Windows"
	Hostname="DESKTOP-OM3S92P"
	OSRelease=" Professional"
	OSVersion=" (Build 19045)"
	OSPlatform="AMD64"
	Is64Bits="1"
	VendorString="AuthenticAMD"
	VendorID="Advanced Micro Devices"
	FamilyID="15"
	ModelID="1"
	ProcessorCacheSize="96"
	NumberOfLogicalCPU="8"
	NumberOfPhysicalCPU="8"
	TotalVirtualMemory="35636"
	TotalPhysicalMemory="32701"
	LogicalProcessorsPerPhysical="1"
	ProcessorClockFrequency="3800"
	>
	<CoverageLog>
		<StartDateTime>Feb 28 21:45 Mitteleurop[NON-UTF-8-BYTE-0xE4]ische Zeit</StartDateTime>
		<StartTime>1709153139</StartTime>
		<File Name="unity.c" FullPath="./extern/Unity/src/unity.c">
			<Report>
				<Line Number="0" Count="-1">/* =========================================================================</Line>
				<Line Number="1" Count="-1">    Unity Project - A Test Framework for C</Line>
				<Line Number="2" Count="-1">    Copyright (c) 2007-21 Mike Karlesky, Mark VanderVoord, Greg Williams</Line>
				<Line Number="3" Count="-1">    [Released under MIT License. Please refer to license.txt for details]</Line>
				<Line Number="4" Count="-1">============================================================================ */</Line>
				<Line Number="5" Count="-1"></Line>
				<Line Number="6" Count="-1">#include "unity.h"</Line>
				<Line Number="7" Count="-1"></Line>
				<Line Number="8" Count="-1">#ifndef UNITY_PROGMEM</Line>
				<Line Number="9" Count="-1">#define UNITY_PROGMEM</Line>
				<Line Number="10" Count="-1">#endif</Line>
				<Line Number="11" Count="-1"></Line>
				<Line Number="12" Count="-1">/* If omitted from header, declare overrideable prototypes here so they're ready for use */</Line>
				<Line Number="13" Count="-1">#ifdef UNITY_OMIT_OUTPUT_CHAR_HEADER_DECLARATION</Line>
				<Line Number="14" Count="-1">void UNITY_OUTPUT_CHAR(int);</Line>
				<Line Number="15" Count="-1">#endif</Line>
				<Line Number="16" Count="-1"></Line>
				<Line Number="17" Count="-1">/* Helpful macros for us to use here in Assert functions */</Line>
				<Line Number="18" Count="-1">#define UNITY_FAIL_AND_BAIL         do { Unity.CurrentTestFailed  = 1; UNITY_OUTPUT_FLUSH(); TEST_ABORT(); } while (0)</Line>
				<Line Number="19" Count="-1">#define UNITY_IGNORE_AND_BAIL       do { Unity.CurrentTestIgnored = 1; UNITY_OUTPUT_FLUSH(); TEST_ABORT(); } while (0)</Line>
				<Line Number="20" Count="-1">#define RETURN_IF_FAIL_OR_IGNORE    do { if (Unity.CurrentTestFailed || Unity.CurrentTestIgnored) { TEST_ABORT(); } } while (0)</Line>
				<Line Number="21" Count="-1"></Line>
				<Line Number="22" Count="-1">struct UNITY_STORAGE_T Unity;</Line>
				<Line Number="23" Count="-1"></Line>
				<Line Number="24" Count="-1">#ifdef UNITY_OUTPUT_COLOR</Line>
				<Line Number="25" Count="-1">const char UNITY_PROGMEM UnityStrOk[]                            = "\033[42mOK\033[0m";</Line>
				<Line Number="26" Count="-1">const char UNITY_PROGMEM UnityStrPass[]                          = "\033[42mPASS\033[0m";</Line>
				<Line Number="27" Count="-1">const char UNITY_PROGMEM UnityStrFail[]                          = "\033[41mFAIL\033[0m";</Line>
				<Line Number="28" Count="-1">const char UNITY_PROGMEM UnityStrIgnore[]                        = "\033[43mIGNORE\033[0m";</Line>
				<Line Number="29" Count="-1">#else</Line>
				<Line Number="30" Count="-1">const char UNITY_PROGMEM UnityStrOk[]                            = "OK";</Line>
				<Line Number="31" Count="-1">const char UNITY_PROGMEM UnityStrPass[]                          = "PASS";</Line>
				<Line Number="32" Count="-1">const char UNITY_PROGMEM UnityStrFail[]                          = "FAIL";</Line>
				<Line Number="33" Count="-1">const char UNITY_PROGMEM UnityStrIgnore[]                        = "IGNORE";</Line>
				<Line Number="34" Count="-1">#endif</Line>
				<Line Number="35" Count="-1">static const char UNITY_PROGMEM UnityStrNull[]                   = "NULL";</Line>
				<Line Number="36" Count="-1">static const char UNITY_PROGMEM UnityStrSpacer[]                 = ". ";</Line>
				<Line Number="37" Count="-1">static const char UNITY_PROGMEM UnityStrExpected[]               = " Expected ";</Line>
				<Line Number="38" Count="-1">static const char UNITY_PROGMEM UnityStrWas[]                    = " Was ";</Line>
				<Line Number="39" Count="-1">static const char UNITY_PROGMEM UnityStrGt[]                     = " to be greater than ";</Line>
				<Line Number="40" Count="-1">static const char UNITY_PROGMEM UnityStrLt[]                     = " to be less than ";</Line>
				<Line Number="41" Count="-1">static const char UNITY_PROGMEM UnityStrOrEqual[]                = "or equal to ";</Line>
				<Line Number="42" Count="-1">static const char UNITY_PROGMEM UnityStrNotEqual[]               = " to be not equal to ";</Line>
				<Line Number="43" Count="-1">static const char UNITY_PROGMEM UnityStrElement[]                = " Element ";</Line>
				<Line Number="44" Count="-1">static const char UNITY_PROGMEM UnityStrByte[]                   = " Byte ";</Line>
				<Line Number="45" Count="-1">static const char UNITY_PROGMEM UnityStrMemory[]                 = " Memory Mismatch.";</Line>
				<Line Number="46" Count="-1">static const char UNITY_PROGMEM UnityStrDelta[]                  = " Values Not Within Delta ";</Line>
				<Line Number="47" Count="-1">static const char UNITY_PROGMEM UnityStrPointless[]              = " You Asked Me To Compare Nothing, Which Was Pointless.";</Line>
				<Line Number="48" Count="-1">static const char UNITY_PROGMEM UnityStrNullPointerForExpected[] = " Expected pointer to be NULL";</Line>
				<Line Number="49" Count="-1">static const char UNITY_PROGMEM UnityStrNullPointerForActual[]   = " Actual pointer was NULL";</Line>
				<Line Number="50" Count="-1">#ifndef UNITY_EXCLUDE_FLOAT</Line>
				<Line Number="51" Count="-1">static const char UNITY_PROGMEM UnityStrNot[]                    = "Not ";</Line>
				<Line Number="52" Count="-1">static const char UNITY_PROGMEM UnityStrInf[]                    = "Infinity";</Line>
				<Line Number="53" Count="-1">static const char UNITY_PROGMEM UnityStrNegInf[]                 = "Negative Infinity";</Line>
				<Line Number="54" Count="-1">static const char UNITY_PROGMEM UnityStrNaN[]                    = "NaN";</Line>
				<Line Number="55" Count="-1">static const char UNITY_PROGMEM UnityStrDet[]                    = "Determinate";</Line>
				<Line Number="56" Count="-1">static const char UNITY_PROGMEM UnityStrInvalidFloatTrait[]      = "Invalid Float Trait";</Line>
				<Line Number="57" Count="-1">#endif</Line>
				<Line Number="58" Count="-1">const char UNITY_PROGMEM UnityStrErrShorthand[]                  = "Unity Shorthand Support Disabled";</Line>
				<Line Number="59" Count="-1">const char UNITY_PROGMEM UnityStrErrFloat[]                      = "Unity Floating Point Disabled";</Line>
				<Line Number="60" Count="-1">const char UNITY_PROGMEM UnityStrErrDouble[]                     = "Unity Double Precision Disabled";</Line>
				<Line Number="61" Count="-1">const char UNITY_PROGMEM UnityStrErr64[]                         = "Unity 64-bit Support Disabled";</Line>
				<Line Number="62" Count="-1">static const char UNITY_PROGMEM UnityStrBreaker[]                = "-----------------------";</Line>
				<Line Number="63" Count="-1">static const char UNITY_PROGMEM UnityStrResultsTests[]           = " Tests ";</Line>
				<Line Number="64" Count="-1">static const char UNITY_PROGMEM UnityStrResultsFailures[]        = " Failures ";</Line>
				<Line Number="65" Count="-1">static const char UNITY_PROGMEM UnityStrResultsIgnored[]         = " Ignored ";</Line>
				<Line Number="66" Count="-1">#ifndef UNITY_EXCLUDE_DETAILS</Line>
				<Line Number="67" Count="-1">static const char UNITY_PROGMEM UnityStrDetail1Name[]            = UNITY_DETAIL1_NAME " ";</Line>
				<Line Number="68" Count="-1">static const char UNITY_PROGMEM UnityStrDetail2Name[]            = " " UNITY_DETAIL2_NAME " ";</Line>
				<Line Number="69" Count="-1">#endif</Line>
				<Line Number="70" Count="-1">/*-----------------------------------------------</Line>
				<Line Number="71" Count="-1"> * Pretty Printers &amp; Test Result Output Handlers</Line>
				<Line Number="72" Count="-1"> *-----------------------------------------------*/</Line>
				<Line Number="73" Count="-1"></Line>
				<Line Number="74" Count="-1">/*-----------------------------------------------*/</Line>
				<Line Number="75" Count="-1">/* Local helper function to print characters. */</Line>
				<Line Number="76" Count="3094">static void UnityPrintChar(const char* pch)</Line>
				<Line Number="77" Count="-1">{</Line>
				<Line Number="78" Count="-1">    /* printable characters plus CR &amp; LF are printed */</Line>
				<Line Number="79" Count="3094">    if ((*pch &lt;= 126) &amp;&amp; (*pch &gt;= 32))</Line>
				<Line Number="80" Count="-1">    {</Line>
				<Line Number="81" Count="3094">        UNITY_OUTPUT_CHAR(*pch);</Line>
				<Line Number="82" Count="-1">    }</Line>
				<Line Number="83" Count="-1">    /* write escaped carriage returns */</Line>
				<Line Number="84" Count="0">    else if (*pch == 13)</Line>
				<Line Number="85" Count="-1">    {</Line>
				<Line Number="86" Count="0">        UNITY_OUTPUT_CHAR('\\');</Line>
				<Line Number="87" Count="0">        UNITY_OUTPUT_CHAR('r');</Line>
				<Line Number="88" Count="-1">    }</Line>
				<Line Number="89" Count="-1">    /* write escaped line feeds */</Line>
				<Line Number="90" Count="0">    else if (*pch == 10)</Line>
				<Line Number="91" Count="-1">    {</Line>
				<Line Number="92" Count="0">        UNITY_OUTPUT_CHAR('\\');</Line>
				<Line Number="93" Count="0">        UNITY_OUTPUT_CHAR('n');</Line>
				<Line Number="94" Count="-1">    }</Line>
				<Line Number="95" Count="-1">    /* unprintable characters are shown as codes */</Line>
				<Line Number="96" Count="-1">    else</Line>
				<Line Number="97" Count="-1">    {</Line>
				<Line Number="98" Count="0">        UNITY_OUTPUT_CHAR('\\');</Line>
				<Line Number="99" Count="0">        UNITY_OUTPUT_CHAR('x');</Line>
				<Line Number="100" Count="0">        UnityPrintNumberHex((UNITY_UINT)*pch, 2);</Line>
				<Line Number="101" Count="-1">    }</Line>
				<Line Number="102" Count="3094">}</Line>
				<Line Number="103" Count="-1"></Line>
				<Line Number="104" Count="-1">/*-----------------------------------------------*/</Line>
				<Line Number="105" Count="-1">/* Local helper function to print ANSI escape strings e.g. "\033[42m". */</Line>
				<Line Number="106" Count="-1">#ifdef UNITY_OUTPUT_COLOR</Line>
				<Line Number="107" Count="-1">static UNITY_UINT UnityPrintAnsiEscapeString(const char* string)</Line>
				<Line Number="108" Count="-1">{</Line>
				<Line Number="109" Count="-1">    const char* pch = string;</Line>
				<Line Number="110" Count="-1">    UNITY_UINT count = 0;</Line>
				<Line Number="111" Count="-1"></Line>
				<Line Number="112" Count="-1">    while (*pch &amp;&amp; (*pch != 'm'))</Line>
				<Line Number="113" Count="-1">    {</Line>
				<Line Number="114" Count="-1">        UNITY_OUTPUT_CHAR(*pch);</Line>
				<Line Number="115" Count="-1">        pch++;</Line>
				<Line Number="116" Count="-1">        count++;</Line>
				<Line Number="117" Count="-1">    }</Line>
				<Line Number="118" Count="-1">    UNITY_OUTPUT_CHAR('m');</Line>
				<Line Number="119" Count="-1">    count++;</Line>
				<Line Number="120" Count="-1"></Line>
				<Line Number="121" Count="-1">    return count;</Line>
				<Line Number="122" Count="-1">}</Line>
				<Line Number="123" Count="-1">#endif</Line>
				<Line Number="124" Count="-1"></Line>
				<Line Number="125" Count="-1">/*-----------------------------------------------*/</Line>
				<Line Number="126" Count="104">void UnityPrint(const char* string)</Line>
				<Line Number="127" Count="-1">{</Line>
				<Line Number="128" Count="104">    const char* pch = string;</Line>
				<Line Number="129" Count="-1"></Line>
				<Line Number="130" Count="104">    if (pch != NULL)</Line>
				<Line Number="131" Count="-1">    {</Line>
				<Line Number="132" Count="3198">        while (*pch)</Line>
				<Line Number="133" Count="-1">        {</Line>
				<Line Number="134" Count="-1">#ifdef UNITY_OUTPUT_COLOR</Line>
				<Line Number="135" Count="-1">            /* print ANSI escape code */</Line>
				<Line Number="136" Count="-1">            if ((*pch == 27) &amp;&amp; (*(pch + 1) == '['))</Line>
				<Line Number="137" Count="-1">            {</Line>
				<Line Number="138" Count="-1">                pch += UnityPrintAnsiEscapeString(pch);</Line>
				<Line Number="139" Count="-1">                continue;</Line>
				<Line Number="140" Count="-1">            }</Line>
				<Line Number="141" Count="-1">#endif</Line>
				<Line Number="142" Count="3094">            UnityPrintChar(pch);</Line>
				<Line Number="143" Count="3094">            pch++;</Line>
				<Line Number="144" Count="-1">        }</Line>
				<Line Number="145" Count="-1">    }</Line>
				<Line Number="146" Count="104">}</Line>
				<Line Number="147" Count="-1">/*-----------------------------------------------*/</Line>
				<Line Number="148" Count="0">void UnityPrintLen(const char* string, const UNITY_UINT32 length)</Line>
				<Line Number="149" Count="-1">{</Line>
				<Line Number="150" Count="0">    const char* pch = string;</Line>
				<Line Number="151" Count="-1"></Line>
				<Line Number="152" Count="0">    if (pch != NULL)</Line>
				<Line Number="153" Count="-1">    {</Line>
				<Line Number="154" Count="0">        while (*pch &amp;&amp; ((UNITY_UINT32)(pch - string) &lt; length))</Line>
				<Line Number="155" Count="-1">        {</Line>
				<Line Number="156" Count="-1">            /* printable characters plus CR &amp; LF are printed */</Line>
				<Line Number="157" Count="0">            if ((*pch &lt;= 126) &amp;&amp; (*pch &gt;= 32))</Line>
				<Line Number="158" Count="-1">            {</Line>
				<Line Number="159" Count="0">                UNITY_OUTPUT_CHAR(*pch);</Line>
				<Line Number="160" Count="-1">            }</Line>
				<Line Number="161" Count="-1">            /* write escaped carriage returns */</Line>
				<Line Number="162" Count="0">            else if (*pch == 13)</Line>
				<Line Number="163" Count="-1">            {</Line>
				<Line Number="164" Count="0">                UNITY_OUTPUT_CHAR('\\');</Line>
				<Line Number="165" Count="0">                UNITY_OUTPUT_CHAR('r');</Line>
				<Line Number="166" Count="-1">            }</Line>
				<Line Number="167" Count="-1">            /* write escaped line feeds */</Line>
				<Line Number="168" Count="0">            else if (*pch == 10)</Line>
				<Line Number="169" Count="-1">            {</Line>
				<Line Number="170" Count="0">                UNITY_OUTPUT_CHAR('\\');</Line>
				<Line Number="171" Count="0">                UNITY_OUTPUT_CHAR('n');</Line>
				<Line Number="172" Count="-1">            }</Line>
				<Line Number="173" Count="-1">            /* unprintable characters are shown as codes */</Line>
				<Line Number="174" Count="-1">            else</Line>
				<Line Number="175" Count="-1">            {</Line>
				<Line Number="176" Count="0">                UNITY_OUTPUT_CHAR('\\');</Line>
				<Line Number="177" Count="0">                UNITY_OUTPUT_CHAR('x');</Line>
				<Line Number="178" Count="0">                UnityPrintNumberHex((UNITY_UINT)*pch, 2);</Line>
				<Line Number="179" Count="-1">            }</Line>
				<Line Number="180" Count="0">            pch++;</Line>
				<Line Number="181" Count="-1">        }</Line>
				<Line Number="182" Count="-1">    }</Line>
				<Line Number="183" Count="0">}</Line>
				<Line Number="184" Count="-1"></Line>
				<Line Number="185" Count="-1">/*-----------------------------------------------*/</Line>
				<Line Number="186" Count="0">void UnityPrintNumberByStyle(const UNITY_INT number, const UNITY_DISPLAY_STYLE_T style)</Line>
				<Line Number="187" Count="-1">{</Line>
				<Line Number="188" Count="0">    if ((style &amp; UNITY_DISPLAY_RANGE_INT) == UNITY_DISPLAY_RANGE_INT)</Line>
				<Line Number="189" Count="-1">    {</Line>
				<Line Number="190" Count="0">        if (style == UNITY_DISPLAY_STYLE_CHAR)</Line>
				<Line Number="191" Count="-1">        {</Line>
				<Line Number="192" Count="-1">            /* printable characters plus CR &amp; LF are printed */</Line>
				<Line Number="193" Count="0">            UNITY_OUTPUT_CHAR('\'');</Line>
				<Line Number="194" Count="0">            if ((number &lt;= 126) &amp;&amp; (number &gt;= 32))</Line>
				<Line Number="195" Count="-1">            {</Line>
				<Line Number="196" Count="0">                UNITY_OUTPUT_CHAR((int)number);</Line>
				<Line Number="197" Count="-1">            }</Line>
				<Line Number="198" Count="-1">            /* write escaped carriage returns */</Line>
				<Line Number="199" Count="0">            else if (number == 13)</Line>
				<Line Number="200" Count="-1">            {</Line>
				<Line Number="201" Count="0">                UNITY_OUTPUT_CHAR('\\');</Line>
				<Line Number="202" Count="0">                UNITY_OUTPUT_CHAR('r');</Line>
				<Line Number="203" Count="-1">            }</Line>
				<Line Number="204" Count="-1">            /* write escaped line feeds */</Line>
				<Line Number="205" Count="0">            else if (number == 10)</Line>
				<Line Number="206" Count="-1">            {</Line>
				<Line Number="207" Count="0">                UNITY_OUTPUT_CHAR('\\');</Line>
				<Line Number="208" Count="0">                UNITY_OUTPUT_CHAR('n');</Line>
				<Line Number="209" Count="-1">            }</Line>
				<Line Number="210" Count="-1">            /* unprintable characters are shown as codes */</Line>
				<Line Number="211" Count="-1">            else</Line>
				<Line Number="212" Count="-1">            {</Line>
				<Line Number="213" Count="0">                UNITY_OUTPUT_CHAR('\\');</Line>
				<Line Number="214" Count="0">                UNITY_OUTPUT_CHAR('x');</Line>
				<Line Number="215" Count="0">                UnityPrintNumberHex((UNITY_UINT)number, 2);</Line>
				<Line Number="216" Count="-1">            }</Line>
				<Line Number="217" Count="0">            UNITY_OUTPUT_CHAR('\'');</Line>
				<Line Number="218" Count="-1">        }</Line>
				<Line Number="219" Count="-1">        else</Line>
				<Line Number="220" Count="-1">        {</Line>
				<Line Number="221" Count="0">            UnityPrintNumber(number);</Line>
				<Line Number="222" Count="-1">        }</Line>
				<Line Number="223" Count="-1">    }</Line>
				<Line Number="224" Count="0">    else if ((style &amp; UNITY_DISPLAY_RANGE_UINT) == UNITY_DISPLAY_RANGE_UINT)</Line>
				<Line Number="225" Count="-1">    {</Line>
				<Line Number="226" Count="0">        UnityPrintNumberUnsigned((UNITY_UINT)number);</Line>
				<Line Number="227" Count="-1">    }</Line>
				<Line Number="228" Count="-1">    else</Line>
				<Line Number="229" Count="-1">    {</Line>
				<Line Number="230" Count="0">        UNITY_OUTPUT_CHAR('0');</Line>
				<Line Number="231" Count="0">        UNITY_OUTPUT_CHAR('x');</Line>
				<Line Number="232" Count="0">        UnityPrintNumberHex((UNITY_UINT)number, (char)((style &amp; 0xF) * 2));</Line>
				<Line Number="233" Count="-1">    }</Line>
				<Line Number="234" Count="0">}</Line>
				<Line Number="235" Count="-1"></Line>
				<Line Number="236" Count="-1">/*-----------------------------------------------*/</Line>
				<Line Number="237" Count="40">void UnityPrintNumber(const UNITY_INT number_to_print)</Line>
				<Line Number="238" Count="-1">{</Line>
				<Line Number="239" Count="40">    UNITY_UINT number = (UNITY_UINT)number_to_print;</Line>
				<Line Number="240" Count="-1"></Line>
				<Line Number="241" Count="40">    if (number_to_print &lt; 0)</Line>
				<Line Number="242" Count="-1">    {</Line>
				<Line Number="243" Count="-1">        /* A negative number, including MIN negative */</Line>
				<Line Number="244" Count="0">        UNITY_OUTPUT_CHAR('-');</Line>
				<Line Number="245" Count="0">        number = (~number) + 1;</Line>
				<Line Number="246" Count="-1">    }</Line>
				<Line Number="247" Count="40">    UnityPrintNumberUnsigned(number);</Line>
				<Line Number="248" Count="40">}</Line>
				<Line Number="249" Count="-1"></Line>
				<Line Number="250" Count="-1">/*-----------------------------------------------</Line>
				<Line Number="251" Count="-1"> * basically do an itoa using as little ram as possible */</Line>
				<Line Number="252" Count="40">void UnityPrintNumberUnsigned(const UNITY_UINT number)</Line>
				<Line Number="253" Count="-1">{</Line>
				<Line Number="254" Count="40">    UNITY_UINT divisor = 1;</Line>
				<Line Number="255" Count="-1"></Line>
				<Line Number="256" Count="-1">    /* figure out initial divisor */</Line>
				<Line Number="257" Count="93">    while (number / divisor &gt; 9)</Line>
				<Line Number="258" Count="-1">    {</Line>
				<Line Number="259" Count="53">        divisor *= 10;</Line>
				<Line Number="260" Count="-1">    }</Line>
				<Line Number="261" Count="-1"></Line>
				<Line Number="262" Count="-1">    /* now mod and print, then divide divisor */</Line>
				<Line Number="263" Count="-1">    do</Line>
				<Line Number="264" Count="-1">    {</Line>
				<Line Number="265" Count="93">        UNITY_OUTPUT_CHAR((char)('0' + (number / divisor % 10)));</Line>
				<Line Number="266" Count="93">        divisor /= 10;</Line>
				<Line Number="267" Count="93">    } while (divisor &gt; 0);</Line>
				<Line Number="268" Count="40">}</Line>
				<Line Number="269" Count="-1"></Line>
				<Line Number="270" Count="-1">/*-----------------------------------------------*/</Line>
				<Line Number="271" Count="0">void UnityPrintNumberHex(const UNITY_UINT number, const char nibbles_to_print)</Line>
				<Line Number="272" Count="-1">{</Line>
				<Line Number="273" Count="-1">    int nibble;</Line>
				<Line Number="274" Count="0">    char nibbles = nibbles_to_print;</Line>
				<Line Number="275" Count="-1"></Line>
				<Line Number="276" Count="0">    if ((unsigned)nibbles &gt; UNITY_MAX_NIBBLES)</Line>
				<Line Number="277" Count="-1">    {</Line>
				<Line Number="278" Count="0">        nibbles = UNITY_MAX_NIBBLES;</Line>
				<Line Number="279" Count="-1">    }</Line>
				<Line Number="280" Count="-1"></Line>
				<Line Number="281" Count="0">    while (nibbles &gt; 0)</Line>
				<Line Number="282" Count="-1">    {</Line>
				<Line Number="283" Count="0">        nibbles--;</Line>
				<Line Number="284" Count="0">        nibble = (int)(number &gt;&gt; (nibbles * 4)) &amp; 0x0F;</Line>
				<Line Number="285" Count="0">        if (nibble &lt;= 9)</Line>
				<Line Number="286" Count="-1">        {</Line>
				<Line Number="287" Count="0">            UNITY_OUTPUT_CHAR((char)('0' + nibble));</Line>
				<Line Number="288" Count="-1">        }</Line>
				<Line Number="289" Count="-1">        else</Line>
				<Line Number="290" Count="-1">        {</Line>
				<Line Number="291" Count="0">            UNITY_OUTPUT_CHAR((char)('A' - 10 + nibble));</Line>
				<Line Number="292" Count="-1">        }</Line>
				<Line Number="293" Count="-1">    }</Line>
				<Line Number="294" Count="0">}</Line>
				<Line Number="295" Count="-1"></Line>
				<Line Number="296" Count="-1">/*-----------------------------------------------*/</Line>
				<Line Number="297" Count="0">void UnityPrintMask(const UNITY_UINT mask, const UNITY_UINT number)</Line>
				<Line Number="298" Count="-1">{</Line>
				<Line Number="299" Count="0">    UNITY_UINT current_bit = (UNITY_UINT)1 &lt;&lt; (UNITY_INT_WIDTH - 1);</Line>
				<Line Number="300" Count="-1">    UNITY_INT32 i;</Line>
				<Line Number="301" Count="-1"></Line>
				<Line Number="302" Count="0">    for (i = 0; i &lt; UNITY_INT_WIDTH; i++)</Line>
				<Line Number="303" Count="-1">    {</Line>
				<Line Number="304" Count="0">        if (current_bit &amp; mask)</Line>
				<Line Number="305" Count="-1">        {</Line>
				<Line Number="306" Count="0">            if (current_bit &amp; number)</Line>
				<Line Number="307" Count="-1">            {</Line>
				<Line Number="308" Count="0">                UNITY_OUTPUT_CHAR('1');</Line>
				<Line Number="309" Count="-1">            }</Line>
				<Line Number="310" Count="-1">            else</Line>
				<Line Number="311" Count="-1">            {</Line>
				<Line Number="312" Count="0">                UNITY_OUTPUT_CHAR('0');</Line>
				<Line Number="313" Count="-1">            }</Line>
				<Line Number="314" Count="-1">        }</Line>
				<Line Number="315" Count="-1">        else</Line>
				<Line Number="316" Count="-1">        {</Line>
				<Line Number="317" Count="0">            UNITY_OUTPUT_CHAR('X');</Line>
				<Line Number="318" Count="-1">        }</Line>
				<Line Number="319" Count="0">        current_bit = current_bit &gt;&gt; 1;</Line>
				<Line Number="320" Count="-1">    }</Line>
				<Line Number="321" Count="0">}</Line>
				<Line Number="322" Count="-1"></Line>
				<Line Number="323" Count="-1">/*-----------------------------------------------*/</Line>
				<Line Number="324" Count="-1">#ifndef UNITY_EXCLUDE_FLOAT_PRINT</Line>
				<Line Number="325" Count="-1">/*</Line>
				<Line Number="326" Count="-1"> * This function prints a floating-point value in a format similar to</Line>
				<Line Number="327" Count="-1"> * printf("%.7g") on a single-precision machine or printf("%.9g") on a</Line>
				<Line Number="328" Count="-1"> * double-precision machine.  The 7th digit won't always be totally correct</Line>
				<Line Number="329" Count="-1"> * in single-precision operation (for that level of accuracy, a more</Line>
				<Line Number="330" Count="-1"> * complicated algorithm would be needed).</Line>
				<Line Number="331" Count="-1"> */</Line>
				<Line Number="332" Count="0">void UnityPrintFloat(const UNITY_DOUBLE input_number)</Line>
				<Line Number="333" Count="-1">{</Line>
				<Line Number="334" Count="-1">#ifdef UNITY_INCLUDE_DOUBLE</Line>
				<Line Number="335" Count="-1">    static const int sig_digits = 9;</Line>
				<Line Number="336" Count="-1">    static const UNITY_INT32 min_scaled = 100000000;</Line>
				<Line Number="337" Count="-1">    static const UNITY_INT32 max_scaled = 1000000000;</Line>
				<Line Number="338" Count="-1">#else</Line>
				<Line Number="339" Count="-1">    static const int sig_digits = 7;</Line>
				<Line Number="340" Count="-1">    static const UNITY_INT32 min_scaled = 1000000;</Line>
				<Line Number="341" Count="-1">    static const UNITY_INT32 max_scaled = 10000000;</Line>
				<Line Number="342" Count="-1">#endif</Line>
				<Line Number="343" Count="-1"></Line>
				<Line Number="344" Count="0">    UNITY_DOUBLE number = input_number;</Line>
				<Line Number="345" Count="-1"></Line>
				<Line Number="346" Count="-1">    /* print minus sign (does not handle negative zero) */</Line>
				<Line Number="347" Count="0">    if (number &lt; 0.0f)</Line>
				<Line Number="348" Count="-1">    {</Line>
				<Line Number="349" Count="0">        UNITY_OUTPUT_CHAR('-');</Line>
				<Line Number="350" Count="0">        number = -number;</Line>
				<Line Number="351" Count="-1">    }</Line>
				<Line Number="352" Count="-1"></Line>
				<Line Number="353" Count="-1">    /* handle zero, NaN, and +/- infinity */</Line>
				<Line Number="354" Count="0">    if (number == 0.0f)</Line>
				<Line Number="355" Count="-1">    {</Line>
				<Line Number="356" Count="0">        UnityPrint("0");</Line>
				<Line Number="357" Count="-1">    }</Line>
				<Line Number="358" Count="0">    else if (UNITY_IS_NAN(number))</Line>
				<Line Number="359" Count="-1">    {</Line>
				<Line Number="360" Count="0">        UnityPrint("nan");</Line>
				<Line Number="361" Count="-1">    }</Line>
				<Line Number="362" Count="0">    else if (UNITY_IS_INF(number))</Line>
				<Line Number="363" Count="-1">    {</Line>
				<Line Number="364" Count="0">        UnityPrint("inf");</Line>
				<Line Number="365" Count="-1">    }</Line>
				<Line Number="366" Count="-1">    else</Line>
				<Line Number="367" Count="-1">    {</Line>
				<Line Number="368" Count="0">        UNITY_INT32 n_int = 0;</Line>
				<Line Number="369" Count="-1">        UNITY_INT32 n;</Line>
				<Line Number="370" Count="0">        int         exponent = 0;</Line>
				<Line Number="371" Count="-1">        int         decimals;</Line>
				<Line Number="372" Count="-1">        int         digits;</Line>
				<Line Number="373" Count="0">        char        buf[16] = {0};</Line>
				<Line Number="374" Count="-1"></Line>
				<Line Number="375" Count="-1">        /*</Line>
				<Line Number="376" Count="-1">         * Scale up or down by powers of 10.  To minimize rounding error,</Line>
				<Line Number="377" Count="-1">         * start with a factor/divisor of 10^10, which is the largest</Line>
				<Line Number="378" Count="-1">         * power of 10 that can be represented exactly.  Finally, compute</Line>
				<Line Number="379" Count="-1">         * (exactly) the remaining power of 10 and perform one more</Line>
				<Line Number="380" Count="-1">         * multiplication or division.</Line>
				<Line Number="381" Count="-1">         */</Line>
				<Line Number="382" Count="0">        if (number &lt; 1.0f)</Line>
				<Line Number="383" Count="-1">        {</Line>
				<Line Number="384" Count="0">            UNITY_DOUBLE factor = 1.0f;</Line>
				<Line Number="385" Count="-1"></Line>
				<Line Number="386" Count="0">            while (number &lt; (UNITY_DOUBLE)max_scaled / 1e10f)  { number *= 1e10f; exponent -= 10; }</Line>
				<Line Number="387" Count="0">            while (number * factor &lt; (UNITY_DOUBLE)min_scaled) { factor *= 10.0f; exponent--; }</Line>
				<Line Number="388" Count="-1"></Line>
				<Line Number="389" Count="0">            number *= factor;</Line>
				<Line Number="390" Count="-1">        }</Line>
				<Line Number="391" Count="0">        else if (number &gt; (UNITY_DOUBLE)max_scaled)</Line>
				<Line Number="392" Count="-1">        {</Line>
				<Line Number="393" Count="0">            UNITY_DOUBLE divisor = 1.0f;</Line>
				<Line Number="394" Count="-1"></Line>
				<Line Number="395" Count="0">            while (number &gt; (UNITY_DOUBLE)min_scaled * 1e10f)   { number  /= 1e10f; exponent += 10; }</Line>
				<Line Number="396" Count="0">            while (number / divisor &gt; (UNITY_DOUBLE)max_scaled) { divisor *= 10.0f; exponent++; }</Line>
				<Line Number="397" Count="-1"></Line>
				<Line Number="398" Count="0">            number /= divisor;</Line>
				<Line Number="399" Count="-1">        }</Line>
				<Line Number="400" Count="-1">        else</Line>
				<Line Number="401" Count="-1">        {</Line>
				<Line Number="402" Count="-1">            /*</Line>
				<Line Number="403" Count="-1">             * In this range, we can split off the integer part before</Line>
				<Line Number="404" Count="-1">             * doing any multiplications.  This reduces rounding error by</Line>
				<Line Number="405" Count="-1">             * freeing up significant bits in the fractional part.</Line>
				<Line Number="406" Count="-1">             */</Line>
				<Line Number="407" Count="0">            UNITY_DOUBLE factor = 1.0f;</Line>
				<Line Number="408" Count="0">            n_int = (UNITY_INT32)number;</Line>
				<Line Number="409" Count="0">            number -= (UNITY_DOUBLE)n_int;</Line>
				<Line Number="410" Count="-1"></Line>
				<Line Number="411" Count="0">            while (n_int &lt; min_scaled) { n_int *= 10; factor *= 10.0f; exponent--; }</Line>
				<Line Number="412" Count="-1"></Line>
				<Line Number="413" Count="0">            number *= factor;</Line>
				<Line Number="414" Count="-1">        }</Line>
				<Line Number="415" Count="-1"></Line>
				<Line Number="416" Count="-1">        /* round to nearest integer */</Line>
				<Line Number="417" Count="0">        n = ((UNITY_INT32)(number + number) + 1) / 2;</Line>
				<Line Number="418" Count="-1"></Line>
				<Line Number="419" Count="-1">#ifndef UNITY_ROUND_TIES_AWAY_FROM_ZERO</Line>
				<Line Number="420" Count="-1">        /* round to even if exactly between two integers */</Line>
				<Line Number="421" Count="0">        if ((n &amp; 1) &amp;&amp; (((UNITY_DOUBLE)n - number) == 0.5f))</Line>
				<Line Number="422" Count="0">            n--;</Line>
				<Line Number="423" Count="-1">#endif</Line>
				<Line Number="424" Count="-1"></Line>
				<Line Number="425" Count="0">        n += n_int;</Line>
				<Line Number="426" Count="-1"></Line>
				<Line Number="427" Count="0">        if (n &gt;= max_scaled)</Line>
				<Line Number="428" Count="-1">        {</Line>
				<Line Number="429" Count="0">            n = min_scaled;</Line>
				<Line Number="430" Count="0">            exponent++;</Line>
				<Line Number="431" Count="-1">        }</Line>
				<Line Number="432" Count="-1"></Line>
				<Line Number="433" Count="-1">        /* determine where to place decimal point */</Line>
				<Line Number="434" Count="0">        decimals = ((exponent &lt;= 0) &amp;&amp; (exponent &gt;= -(sig_digits + 3))) ? (-exponent) : (sig_digits - 1);</Line>
				<Line Number="435" Count="0">        exponent += decimals;</Line>
				<Line Number="436" Count="-1"></Line>
				<Line Number="437" Count="-1">        /* truncate trailing zeroes after decimal point */</Line>
				<Line Number="438" Count="0">        while ((decimals &gt; 0) &amp;&amp; ((n % 10) == 0))</Line>
				<Line Number="439" Count="-1">        {</Line>
				<Line Number="440" Count="0">            n /= 10;</Line>
				<Line Number="441" Count="0">            decimals--;</Line>
				<Line Number="442" Count="-1">        }</Line>
				<Line Number="443" Count="-1"></Line>
				<Line Number="444" Count="-1">        /* build up buffer in reverse order */</Line>
				<Line Number="445" Count="0">        digits = 0;</Line>
				<Line Number="446" Count="0">        while ((n != 0) || (digits &lt;= decimals))</Line>
				<Line Number="447" Count="-1">        {</Line>
				<Line Number="448" Count="0">            buf[digits++] = (char)('0' + n % 10);</Line>
				<Line Number="449" Count="0">            n /= 10;</Line>
				<Line Number="450" Count="-1">        }</Line>
				<Line Number="451" Count="-1"></Line>
				<Line Number="452" Count="-1">        /* print out buffer (backwards) */</Line>
				<Line Number="453" Count="0">        while (digits &gt; 0)</Line>
				<Line Number="454" Count="-1">        {</Line>
				<Line Number="455" Count="0">            if (digits == decimals)</Line>
				<Line Number="456" Count="-1">            {</Line>
				<Line Number="457" Count="0">                UNITY_OUTPUT_CHAR('.');</Line>
				<Line Number="458" Count="-1">            }</Line>
				<Line Number="459" Count="0">            UNITY_OUTPUT_CHAR(buf[--digits]);</Line>
				<Line Number="460" Count="-1">        }</Line>
				<Line Number="461" Count="-1"></Line>
				<Line Number="462" Count="-1">        /* print exponent if needed */</Line>
				<Line Number="463" Count="0">        if (exponent != 0)</Line>
				<Line Number="464" Count="-1">        {</Line>
				<Line Number="465" Count="0">            UNITY_OUTPUT_CHAR('e');</Line>
				<Line Number="466" Count="-1"></Line>
				<Line Number="467" Count="0">            if (exponent &lt; 0)</Line>
				<Line Number="468" Count="-1">            {</Line>
				<Line Number="469" Count="0">                UNITY_OUTPUT_CHAR('-');</Line>
				<Line Number="470" Count="0">                exponent = -exponent;</Line>
				<Line Number="471" Count="-1">            }</Line>
				<Line Number="472" Count="-1">            else</Line>
				<Line Number="473" Count="-1">            {</Line>
				<Line Number="474" Count="0">                UNITY_OUTPUT_CHAR('+');</Line>
				<Line Number="475" Count="-1">            }</Line>
				<Line Number="476" Count="-1"></Line>
				<Line Number="477" Count="0">            digits = 0;</Line>
				<Line Number="478" Count="0">            while ((exponent != 0) || (digits &lt; 2))</Line>
				<Line Number="479" Count="-1">            {</Line>
				<Line Number="480" Count="0">                buf[digits++] = (char)('0' + exponent % 10);</Line>
				<Line Number="481" Count="0">                exponent /= 10;</Line>
				<Line Number="482" Count="-1">            }</Line>
				<Line Number="483" Count="0">            while (digits &gt; 0)</Line>
				<Line Number="484" Count="-1">            {</Line>
				<Line Number="485" Count="0">                UNITY_OUTPUT_CHAR(buf[--digits]);</Line>
				<Line Number="486" Count="-1">            }</Line>
				<Line Number="487" Count="-1">        }</Line>
				<Line Number="488" Count="-1">    }</Line>
				<Line Number="489" Count="0">}</Line>
				<Line Number="490" Count="-1">#endif /* ! UNITY_EXCLUDE_FLOAT_PRINT */</Line>
				<Line Number="491" Count="-1"></Line>
				<Line Number="492" Count="-1">/*-----------------------------------------------*/</Line>
				<Line Number="493" Count="28">static void UnityTestResultsBegin(const char* file, const UNITY_LINE_TYPE line)</Line>
				<Line Number="494" Count="-1">{</Line>
				<Line Number="495" Count="-1">#ifdef UNITY_OUTPUT_FOR_ECLIPSE</Line>
				<Line Number="496" Count="-1">    UNITY_OUTPUT_CHAR('(');</Line>
				<Line Number="497" Count="-1">    UnityPrint(file);</Line>
				<Line Number="498" Count="-1">    UNITY_OUTPUT_CHAR(':');</Line>
				<Line Number="499" Count="-1">    UnityPrintNumber((UNITY_INT)line);</Line>
				<Line Number="500" Count="-1">    UNITY_OUTPUT_CHAR(')');</Line>
				<Line Number="501" Count="-1">    UNITY_OUTPUT_CHAR(' ');</Line>
				<Line Number="502" Count="-1">    UnityPrint(Unity.CurrentTestName);</Line>
				<Line Number="503" Count="-1">    UNITY_OUTPUT_CHAR(':');</Line>
				<Line Number="504" Count="-1">#else</Line>
				<Line Number="505" Count="-1">#ifdef UNITY_OUTPUT_FOR_IAR_WORKBENCH</Line>
				<Line Number="506" Count="-1">    UnityPrint("&lt;SRCREF line=");</Line>
				<Line Number="507" Count="-1">    UnityPrintNumber((UNITY_INT)line);</Line>
				<Line Number="508" Count="-1">    UnityPrint(" file=\"");</Line>
				<Line Number="509" Count="-1">    UnityPrint(file);</Line>
				<Line Number="510" Count="-1">    UNITY_OUTPUT_CHAR('"');</Line>
				<Line Number="511" Count="-1">    UNITY_OUTPUT_CHAR('&gt;');</Line>
				<Line Number="512" Count="-1">    UnityPrint(Unity.CurrentTestName);</Line>
				<Line Number="513" Count="-1">    UnityPrint("&lt;/SRCREF&gt; ");</Line>
				<Line Number="514" Count="-1">#else</Line>
				<Line Number="515" Count="-1">#ifdef UNITY_OUTPUT_FOR_QT_CREATOR</Line>
				<Line Number="516" Count="-1">    UnityPrint("file://");</Line>
				<Line Number="517" Count="-1">    UnityPrint(file);</Line>
				<Line Number="518" Count="-1">    UNITY_OUTPUT_CHAR(':');</Line>
				<Line Number="519" Count="-1">    UnityPrintNumber((UNITY_INT)line);</Line>
				<Line Number="520" Count="-1">    UNITY_OUTPUT_CHAR(' ');</Line>
				<Line Number="521" Count="-1">    UnityPrint(Unity.CurrentTestName);</Line>
				<Line Number="522" Count="-1">    UNITY_OUTPUT_CHAR(':');</Line>
				<Line Number="523" Count="-1">#else</Line>
				<Line Number="524" Count="28">    UnityPrint(file);</Line>
				<Line Number="525" Count="28">    UNITY_OUTPUT_CHAR(':');</Line>
				<Line Number="526" Count="28">    UnityPrintNumber((UNITY_INT)line);</Line>
				<Line Number="527" Count="28">    UNITY_OUTPUT_CHAR(':');</Line>
				<Line Number="528" Count="28">    UnityPrint(Unity.CurrentTestName);</Line>
				<Line Number="529" Count="28">    UNITY_OUTPUT_CHAR(':');</Line>
				<Line Number="530" Count="-1">#endif</Line>
				<Line Number="531" Count="-1">#endif</Line>
				<Line Number="532" Count="-1">#endif</Line>
				<Line Number="533" Count="28">}</Line>
				<Line Number="534" Count="-1"></Line>
				<Line Number="535" Count="-1">/*-----------------------------------------------*/</Line>
				<Line Number="536" Count="0">static void UnityTestResultsFailBegin(const UNITY_LINE_TYPE line)</Line>
				<Line Number="537" Count="-1">{</Line>
				<Line Number="538" Count="0">    UnityTestResultsBegin(Unity.TestFile, line);</Line>
				<Line Number="539" Count="0">    UnityPrint(UnityStrFail);</Line>
				<Line Number="540" Count="0">    UNITY_OUTPUT_CHAR(':');</Line>
				<Line Number="541" Count="0">}</Line>
				<Line Number="542" Count="-1"></Line>
				<Line Number="543" Count="-1">/*-----------------------------------------------*/</Line>
				<Line Number="544" Count="28">void UnityConcludeTest(void)</Line>
				<Line Number="545" Count="-1">{</Line>
				<Line Number="546" Count="28">    if (Unity.CurrentTestIgnored)</Line>
				<Line Number="547" Count="-1">    {</Line>
				<Line Number="548" Count="0">        Unity.TestIgnores++;</Line>
				<Line Number="549" Count="-1">    }</Line>
				<Line Number="550" Count="28">    else if (!Unity.CurrentTestFailed)</Line>
				<Line Number="551" Count="-1">    {</Line>
				<Line Number="552" Count="28">        UnityTestResultsBegin(Unity.TestFile, Unity.CurrentTestLineNumber);</Line>
				<Line Number="553" Count="28">        UnityPrint(UnityStrPass);</Line>
				<Line Number="554" Count="-1">    }</Line>
				<Line Number="555" Count="-1">    else</Line>
				<Line Number="556" Count="-1">    {</Line>
				<Line Number="557" Count="0">        Unity.TestFailures++;</Line>
				<Line Number="558" Count="-1">    }</Line>
				<Line Number="559" Count="-1"></Line>
				<Line Number="560" Count="28">    Unity.CurrentTestFailed = 0;</Line>
				<Line Number="561" Count="28">    Unity.CurrentTestIgnored = 0;</Line>
				<Line Number="562" Count="-1">    UNITY_PRINT_EXEC_TIME();</Line>
				<Line Number="563" Count="28">    UNITY_PRINT_EOL();</Line>
				<Line Number="564" Count="-1">    UNITY_FLUSH_CALL();</Line>
				<Line Number="565" Count="28">}</Line>
				<Line Number="566" Count="-1"></Line>
				<Line Number="567" Count="-1">/*-----------------------------------------------*/</Line>
				<Line Number="568" Count="0">static void UnityAddMsgIfSpecified(const char* msg)</Line>
				<Line Number="569" Count="-1">{</Line>
				<Line Number="570" Count="-1">#ifdef UNITY_PRINT_TEST_CONTEXT</Line>
				<Line Number="571" Count="-1">    UnityPrint(UnityStrSpacer);</Line>
				<Line Number="572" Count="-1">    UNITY_PRINT_TEST_CONTEXT();</Line>
				<Line Number="573" Count="-1">#endif</Line>
				<Line Number="574" Count="-1">#ifndef UNITY_EXCLUDE_DETAILS</Line>
				<Line Number="575" Count="0">    if (Unity.CurrentDetail1)</Line>
				<Line Number="576" Count="-1">    {</Line>
				<Line Number="577" Count="0">        UnityPrint(UnityStrSpacer);</Line>
				<Line Number="578" Count="0">        UnityPrint(UnityStrDetail1Name);</Line>
				<Line Number="579" Count="0">        UnityPrint(Unity.CurrentDetail1);</Line>
				<Line Number="580" Count="0">        if (Unity.CurrentDetail2)</Line>
				<Line Number="581" Count="-1">        {</Line>
				<Line Number="582" Count="0">            UnityPrint(UnityStrDetail2Name);</Line>
				<Line Number="583" Count="0">            UnityPrint(Unity.CurrentDetail2);</Line>
				<Line Number="584" Count="-1">        }</Line>
				<Line Number="585" Count="-1">    }</Line>
				<Line Number="586" Count="-1">#endif</Line>
				<Line Number="587" Count="0">    if (msg)</Line>
				<Line Number="588" Count="-1">    {</Line>
				<Line Number="589" Count="0">        UnityPrint(UnityStrSpacer);</Line>
				<Line Number="590" Count="0">        UnityPrint(msg);</Line>
				<Line Number="591" Count="-1">    }</Line>
				<Line Number="592" Count="0">}</Line>
				<Line Number="593" Count="-1"></Line>
				<Line Number="594" Count="-1">/*-----------------------------------------------*/</Line>
				<Line Number="595" Count="0">static void UnityPrintExpectedAndActualStrings(const char* expected, const char* actual)</Line>
				<Line Number="596" Count="-1">{</Line>
				<Line Number="597" Count="0">    UnityPrint(UnityStrExpected);</Line>
				<Line Number="598" Count="0">    if (expected != NULL)</Line>
				<Line Number="599" Count="-1">    {</Line>
				<Line Number="600" Count="0">        UNITY_OUTPUT_CHAR('\'');</Line>
				<Line Number="601" Count="0">        UnityPrint(expected);</Line>
				<Line Number="602" Count="0">        UNITY_OUTPUT_CHAR('\'');</Line>
				<Line Number="603" Count="-1">    }</Line>
				<Line Number="604" Count="-1">    else</Line>
				<Line Number="605" Count="-1">    {</Line>
				<Line Number="606" Count="0">        UnityPrint(UnityStrNull);</Line>
				<Line Number="607" Count="-1">    }</Line>
				<Line Number="608" Count="0">    UnityPrint(UnityStrWas);</Line>
				<Line Number="609" Count="0">    if (actual != NULL)</Line>
				<Line Number="610" Count="-1">    {</Line>
				<Line Number="611" Count="0">        UNITY_OUTPUT_CHAR('\'');</Line>
				<Line Number="612" Count="0">        UnityPrint(actual);</Line>
				<Line Number="613" Count="0">        UNITY_OUTPUT_CHAR('\'');</Line>
				<Line Number="614" Count="-1">    }</Line>
				<Line Number="615" Count="-1">    else</Line>
				<Line Number="616" Count="-1">    {</Line>
				<Line Number="617" Count="0">        UnityPrint(UnityStrNull);</Line>
				<Line Number="618" Count="-1">    }</Line>
				<Line Number="619" Count="0">}</Line>
				<Line Number="620" Count="-1"></Line>
				<Line Number="621" Count="-1">/*-----------------------------------------------*/</Line>
				<Line Number="622" Count="0">static void UnityPrintExpectedAndActualStringsLen(const char* expected,</Line>
				<Line Number="623" Count="-1">                                                  const char* actual,</Line>
				<Line Number="624" Count="-1">                                                  const UNITY_UINT32 length)</Line>
				<Line Number="625" Count="-1">{</Line>
				<Line Number="626" Count="0">    UnityPrint(UnityStrExpected);</Line>
				<Line Number="627" Count="0">    if (expected != NULL)</Line>
				<Line Number="628" Count="-1">    {</Line>
				<Line Number="629" Count="0">        UNITY_OUTPUT_CHAR('\'');</Line>
				<Line Number="630" Count="0">        UnityPrintLen(expected, length);</Line>
				<Line Number="631" Count="0">        UNITY_OUTPUT_CHAR('\'');</Line>
				<Line Number="632" Count="-1">    }</Line>
				<Line Number="633" Count="-1">    else</Line>
				<Line Number="634" Count="-1">    {</Line>
				<Line Number="635" Count="0">        UnityPrint(UnityStrNull);</Line>
				<Line Number="636" Count="-1">    }</Line>
				<Line Number="637" Count="0">    UnityPrint(UnityStrWas);</Line>
				<Line Number="638" Count="0">    if (actual != NULL)</Line>
				<Line Number="639" Count="-1">    {</Line>
				<Line Number="640" Count="0">        UNITY_OUTPUT_CHAR('\'');</Line>
				<Line Number="641" Count="0">        UnityPrintLen(actual, length);</Line>
				<Line Number="642" Count="0">        UNITY_OUTPUT_CHAR('\'');</Line>
				<Line Number="643" Count="-1">    }</Line>
				<Line Number="644" Count="-1">    else</Line>
				<Line Number="645" Count="-1">    {</Line>
				<Line Number="646" Count="0">        UnityPrint(UnityStrNull);</Line>
				<Line Number="647" Count="-1">    }</Line>
				<Line Number="648" Count="0">}</Line>
				<Line Number="649" Count="-1"></Line>
				<Line Number="650" Count="-1">/*-----------------------------------------------</Line>
				<Line Number="651" Count="-1"> * Assertion &amp; Control Helpers</Line>
				<Line Number="652" Count="-1"> *-----------------------------------------------*/</Line>
				<Line Number="653" Count="-1"></Line>
				<Line Number="654" Count="-1">/*-----------------------------------------------*/</Line>
				<Line Number="655" Count="0">static int UnityIsOneArrayNull(UNITY_INTERNAL_PTR expected,</Line>
				<Line Number="656" Count="-1">                               UNITY_INTERNAL_PTR actual,</Line>
				<Line Number="657" Count="-1">                               const UNITY_LINE_TYPE lineNumber,</Line>
				<Line Number="658" Count="-1">                               const char* msg)</Line>
				<Line Number="659" Count="-1">{</Line>
				<Line Number="660" Count="-1">    /* Both are NULL or same pointer */</Line>
				<Line Number="661" Count="0">    if (expected == actual) { return 0; }</Line>
				<Line Number="662" Count="-1"></Line>
				<Line Number="663" Count="-1">    /* print and return true if just expected is NULL */</Line>
				<Line Number="664" Count="0">    if (expected == NULL)</Line>
				<Line Number="665" Count="-1">    {</Line>
				<Line Number="666" Count="0">        UnityTestResultsFailBegin(lineNumber);</Line>
				<Line Number="667" Count="0">        UnityPrint(UnityStrNullPointerForExpected);</Line>
				<Line Number="668" Count="0">        UnityAddMsgIfSpecified(msg);</Line>
				<Line Number="669" Count="0">        return 1;</Line>
				<Line Number="670" Count="-1">    }</Line>
				<Line Number="671" Count="-1"></Line>
				<Line Number="672" Count="-1">    /* print and return true if just actual is NULL */</Line>
				<Line Number="673" Count="0">    if (actual == NULL)</Line>
				<Line Number="674" Count="-1">    {</Line>
				<Line Number="675" Count="0">        UnityTestResultsFailBegin(lineNumber);</Line>
				<Line Number="676" Count="0">        UnityPrint(UnityStrNullPointerForActual);</Line>
				<Line Number="677" Count="0">        UnityAddMsgIfSpecified(msg);</Line>
				<Line Number="678" Count="0">        return 1;</Line>
				<Line Number="679" Count="-1">    }</Line>
				<Line Number="680" Count="-1"></Line>
				<Line Number="681" Count="0">    return 0; /* return false if neither is NULL */</Line>
				<Line Number="682" Count="-1">}</Line>
				<Line Number="683" Count="-1"></Line>
				<Line Number="684" Count="-1">/*-----------------------------------------------</Line>
				<Line Number="685" Count="-1"> * Assertion Functions</Line>
				<Line Number="686" Count="-1"> *-----------------------------------------------*/</Line>
				<Line Number="687" Count="-1"></Line>
				<Line Number="688" Count="-1">/*-----------------------------------------------*/</Line>
				<Line Number="689" Count="0">void UnityAssertBits(const UNITY_INT mask,</Line>
				<Line Number="690" Count="-1">                     const UNITY_INT expected,</Line>
				<Line Number="691" Count="-1">                     const UNITY_INT actual,</Line>
				<Line Number="692" Count="-1">                     const char* msg,</Line>
				<Line Number="693" Count="-1">                     const UNITY_LINE_TYPE lineNumber)</Line>
				<Line Number="694" Count="-1">{</Line>
				<Line Number="695" Count="0">    RETURN_IF_FAIL_OR_IGNORE;</Line>
				<Line Number="696" Count="-1"></Line>
				<Line Number="697" Count="0">    if ((mask &amp; expected) != (mask &amp; actual))</Line>
				<Line Number="698" Count="-1">    {</Line>
				<Line Number="699" Count="0">        UnityTestResultsFailBegin(lineNumber);</Line>
				<Line Number="700" Count="0">        UnityPrint(UnityStrExpected);</Line>
				<Line Number="701" Count="0">        UnityPrintMask((UNITY_UINT)mask, (UNITY_UINT)expected);</Line>
				<Line Number="702" Count="0">        UnityPrint(UnityStrWas);</Line>
				<Line Number="703" Count="0">        UnityPrintMask((UNITY_UINT)mask, (UNITY_UINT)actual);</Line>
				<Line Number="704" Count="0">        UnityAddMsgIfSpecified(msg);</Line>
				<Line Number="705" Count="0">        UNITY_FAIL_AND_BAIL;</Line>
				<Line Number="706" Count="-1">    }</Line>
				<Line Number="707" Count="0">}</Line>
				<Line Number="708" Count="-1"></Line>
				<Line Number="709" Count="-1">/*-----------------------------------------------*/</Line>
				<Line Number="710" Count="35">void UnityAssertEqualNumber(const UNITY_INT expected,</Line>
				<Line Number="711" Count="-1">                            const UNITY_INT actual,</Line>
				<Line Number="712" Count="-1">                            const char* msg,</Line>
				<Line Number="713" Count="-1">                            const UNITY_LINE_TYPE lineNumber,</Line>
				<Line Number="714" Count="-1">                            const UNITY_DISPLAY_STYLE_T style)</Line>
				<Line Number="715" Count="-1">{</Line>
				<Line Number="716" Count="35">    RETURN_IF_FAIL_OR_IGNORE;</Line>
				<Line Number="717" Count="-1"></Line>
				<Line Number="718" Count="35">    if (expected != actual)</Line>
				<Line Number="719" Count="-1">    {</Line>
				<Line Number="720" Count="0">        UnityTestResultsFailBegin(lineNumber);</Line>
				<Line Number="721" Count="0">        UnityPrint(UnityStrExpected);</Line>
				<Line Number="722" Count="0">        UnityPrintNumberByStyle(expected, style);</Line>
				<Line Number="723" Count="0">        UnityPrint(UnityStrWas);</Line>
				<Line Number="724" Count="0">        UnityPrintNumberByStyle(actual, style);</Line>
				<Line Number="725" Count="0">        UnityAddMsgIfSpecified(msg);</Line>
				<Line Number="726" Count="0">        UNITY_FAIL_AND_BAIL;</Line>
				<Line Number="727" Count="-1">    }</Line>
				<Line Number="728" Count="35">}</Line>
				<Line Number="729" Count="-1"></Line>
				<Line Number="730" Count="-1">/*-----------------------------------------------*/</Line>
				<Line Number="731" Count="0">void UnityAssertGreaterOrLessOrEqualNumber(const UNITY_INT threshold,</Line>
				<Line Number="732" Count="-1">                                           const UNITY_INT actual,</Line>
				<Line Number="733" Count="-1">                                           const UNITY_COMPARISON_T compare,</Line>
				<Line Number="734" Count="-1">                                           const char *msg,</Line>
				<Line Number="735" Count="-1">                                           const UNITY_LINE_TYPE lineNumber,</Line>
				<Line Number="736" Count="-1">                                           const UNITY_DISPLAY_STYLE_T style)</Line>
				<Line Number="737" Count="-1">{</Line>
				<Line Number="738" Count="0">    int failed = 0;</Line>
				<Line Number="739" Count="0">    RETURN_IF_FAIL_OR_IGNORE;</Line>
				<Line Number="740" Count="-1"></Line>
				<Line Number="741" Count="0">    if ((threshold == actual) &amp;&amp; (compare &amp; UNITY_EQUAL_TO)) { return; }</Line>
				<Line Number="742" Count="0">    if ((threshold == actual))                               { failed = 1; }</Line>
				<Line Number="743" Count="-1"></Line>
				<Line Number="744" Count="0">    if ((style &amp; UNITY_DISPLAY_RANGE_INT) == UNITY_DISPLAY_RANGE_INT)</Line>
				<Line Number="745" Count="-1">    {</Line>
				<Line Number="746" Count="0">        if ((actual &gt; threshold) &amp;&amp; (compare &amp; UNITY_SMALLER_THAN)) { failed = 1; }</Line>
				<Line Number="747" Count="0">        if ((actual &lt; threshold) &amp;&amp; (compare &amp; UNITY_GREATER_THAN)) { failed = 1; }</Line>
				<Line Number="748" Count="-1">    }</Line>
				<Line Number="749" Count="-1">    else /* UINT or HEX */</Line>
				<Line Number="750" Count="-1">    {</Line>
				<Line Number="751" Count="0">        if (((UNITY_UINT)actual &gt; (UNITY_UINT)threshold) &amp;&amp; (compare &amp; UNITY_SMALLER_THAN)) { failed = 1; }</Line>
				<Line Number="752" Count="0">        if (((UNITY_UINT)actual &lt; (UNITY_UINT)threshold) &amp;&amp; (compare &amp; UNITY_GREATER_THAN)) { failed = 1; }</Line>
				<Line Number="753" Count="-1">    }</Line>
				<Line Number="754" Count="-1"></Line>
				<Line Number="755" Count="0">    if (failed)</Line>
				<Line Number="756" Count="-1">    {</Line>
				<Line Number="757" Count="0">        UnityTestResultsFailBegin(lineNumber);</Line>
				<Line Number="758" Count="0">        UnityPrint(UnityStrExpected);</Line>
				<Line Number="759" Count="0">        UnityPrintNumberByStyle(actual, style);</Line>
				<Line Number="760" Count="0">        if (compare &amp; UNITY_GREATER_THAN) { UnityPrint(UnityStrGt);       }</Line>
				<Line Number="761" Count="0">        if (compare &amp; UNITY_SMALLER_THAN) { UnityPrint(UnityStrLt);       }</Line>
				<Line Number="762" Count="0">        if (compare &amp; UNITY_EQUAL_TO)     { UnityPrint(UnityStrOrEqual);  }</Line>
				<Line Number="763" Count="0">        if (compare == UNITY_NOT_EQUAL)   { UnityPrint(UnityStrNotEqual); }</Line>
				<Line Number="764" Count="0">        UnityPrintNumberByStyle(threshold, style);</Line>
				<Line Number="765" Count="0">        UnityAddMsgIfSpecified(msg);</Line>
				<Line Number="766" Count="0">        UNITY_FAIL_AND_BAIL;</Line>
				<Line Number="767" Count="-1">    }</Line>
				<Line Number="768" Count="-1">}</Line>
				<Line Number="769" Count="-1"></Line>
				<Line Number="770" Count="-1">#define UnityPrintPointlessAndBail()       \</Line>
				<Line Number="771" Count="-1">do {                                       \</Line>
				<Line Number="772" Count="-1">    UnityTestResultsFailBegin(lineNumber); \</Line>
				<Line Number="773" Count="-1">    UnityPrint(UnityStrPointless);         \</Line>
				<Line Number="774" Count="-1">    UnityAddMsgIfSpecified(msg);           \</Line>
				<Line Number="775" Count="-1">    UNITY_FAIL_AND_BAIL;                   \</Line>
				<Line Number="776" Count="-1">} while (0)</Line>
				<Line Number="777" Count="-1"></Line>
				<Line Number="778" Count="-1">/*-----------------------------------------------*/</Line>
				<Line Number="779" Count="0">void UnityAssertEqualIntArray(UNITY_INTERNAL_PTR expected,</Line>
				<Line Number="780" Count="-1">                              UNITY_INTERNAL_PTR actual,</Line>
				<Line Number="781" Count="-1">                              const UNITY_UINT32 num_elements,</Line>
				<Line Number="782" Count="-1">                              const char* msg,</Line>
				<Line Number="783" Count="-1">                              const UNITY_LINE_TYPE lineNumber,</Line>
				<Line Number="784" Count="-1">                              const UNITY_DISPLAY_STYLE_T style,</Line>
				<Line Number="785" Count="-1">                              const UNITY_FLAGS_T flags)</Line>
				<Line Number="786" Count="-1">{</Line>
				<Line Number="787" Count="0">    UNITY_UINT32 elements  = num_elements;</Line>
				<Line Number="788" Count="0">    unsigned int length    = style &amp; 0xF;</Line>
				<Line Number="789" Count="0">    unsigned int increment = 0;</Line>
				<Line Number="790" Count="-1"></Line>
				<Line Number="791" Count="0">    RETURN_IF_FAIL_OR_IGNORE;</Line>
				<Line Number="792" Count="-1"></Line>
				<Line Number="793" Count="0">    if (num_elements == 0)</Line>
				<Line Number="794" Count="-1">    {</Line>
				<Line Number="795" Count="-1">#ifdef UNITY_COMPARE_PTRS_ON_ZERO_ARRAY</Line>
				<Line Number="796" Count="-1">        UNITY_TEST_ASSERT_EQUAL_PTR(expected, actual, lineNumber, msg);</Line>
				<Line Number="797" Count="-1">#else</Line>
				<Line Number="798" Count="0">        UnityPrintPointlessAndBail();</Line>
				<Line Number="799" Count="-1">#endif</Line>
				<Line Number="800" Count="-1">    }</Line>
				<Line Number="801" Count="-1"></Line>
				<Line Number="802" Count="0">    if (expected == actual)</Line>
				<Line Number="803" Count="-1">    {</Line>
				<Line Number="804" Count="0">        return; /* Both are NULL or same pointer */</Line>
				<Line Number="805" Count="-1">    }</Line>
				<Line Number="806" Count="-1"></Line>
				<Line Number="807" Count="0">    if (UnityIsOneArrayNull(expected, actual, lineNumber, msg))</Line>
				<Line Number="808" Count="-1">    {</Line>
				<Line Number="809" Count="0">        UNITY_FAIL_AND_BAIL;</Line>
				<Line Number="810" Count="-1">    }</Line>
				<Line Number="811" Count="-1"></Line>
				<Line Number="812" Count="0">    while ((elements &gt; 0) &amp;&amp; (elements--))</Line>
				<Line Number="813" Count="-1">    {</Line>
				<Line Number="814" Count="-1">        UNITY_INT expect_val;</Line>
				<Line Number="815" Count="-1">        UNITY_INT actual_val;</Line>
				<Line Number="816" Count="-1"></Line>
				<Line Number="817" Count="0">        switch (length)</Line>
				<Line Number="818" Count="-1">        {</Line>
				<Line Number="819" Count="0">            case 1:</Line>
				<Line Number="820" Count="0">                expect_val = *(UNITY_PTR_ATTRIBUTE const UNITY_INT8*)expected;</Line>
				<Line Number="821" Count="0">                actual_val = *(UNITY_PTR_ATTRIBUTE const UNITY_INT8*)actual;</Line>
				<Line Number="822" Count="0">                if (style &amp; (UNITY_DISPLAY_RANGE_UINT | UNITY_DISPLAY_RANGE_HEX))</Line>
				<Line Number="823" Count="-1">                {</Line>
				<Line Number="824" Count="0">                    expect_val &amp;= 0x000000FF;</Line>
				<Line Number="825" Count="0">                    actual_val &amp;= 0x000000FF;</Line>
				<Line Number="826" Count="-1">                }</Line>
				<Line Number="827" Count="0">                increment  = sizeof(UNITY_INT8);</Line>
				<Line Number="828" Count="0">                break;</Line>
				<Line Number="829" Count="-1"></Line>
				<Line Number="830" Count="0">            case 2:</Line>
				<Line Number="831" Count="0">                expect_val = *(UNITY_PTR_ATTRIBUTE const UNITY_INT16*)expected;</Line>
				<Line Number="832" Count="0">                actual_val = *(UNITY_PTR_ATTRIBUTE const UNITY_INT16*)actual;</Line>
				<Line Number="833" Count="0">                if (style &amp; (UNITY_DISPLAY_RANGE_UINT | UNITY_DISPLAY_RANGE_HEX))</Line>
				<Line Number="834" Count="-1">                {</Line>
				<Line Number="835" Count="0">                    expect_val &amp;= 0x0000FFFF;</Line>
				<Line Number="836" Count="0">                    actual_val &amp;= 0x0000FFFF;</Line>
				<Line Number="837" Count="-1">                }</Line>
				<Line Number="838" Count="0">                increment  = sizeof(UNITY_INT16);</Line>
				<Line Number="839" Count="0">                break;</Line>
				<Line Number="840" Count="-1"></Line>
				<Line Number="841" Count="-1">#ifdef UNITY_SUPPORT_64</Line>
				<Line Number="842" Count="0">            case 8:</Line>
				<Line Number="843" Count="0">                expect_val = *(UNITY_PTR_ATTRIBUTE const UNITY_INT64*)expected;</Line>
				<Line Number="844" Count="0">                actual_val = *(UNITY_PTR_ATTRIBUTE const UNITY_INT64*)actual;</Line>
				<Line Number="845" Count="0">                increment  = sizeof(UNITY_INT64);</Line>
				<Line Number="846" Count="0">                break;</Line>
				<Line Number="847" Count="-1">#endif</Line>
				<Line Number="848" Count="-1"></Line>
				<Line Number="849" Count="0">            default: /* default is length 4 bytes */</Line>
				<Line Number="850" Count="-1">            case 4:</Line>
				<Line Number="851" Count="0">                expect_val = *(UNITY_PTR_ATTRIBUTE const UNITY_INT32*)expected;</Line>
				<Line Number="852" Count="0">                actual_val = *(UNITY_PTR_ATTRIBUTE const UNITY_INT32*)actual;</Line>
				<Line Number="853" Count="-1">#ifdef UNITY_SUPPORT_64</Line>
				<Line Number="854" Count="0">                if (style &amp; (UNITY_DISPLAY_RANGE_UINT | UNITY_DISPLAY_RANGE_HEX))</Line>
				<Line Number="855" Count="-1">                {</Line>
				<Line Number="856" Count="0">                    expect_val &amp;= 0x00000000FFFFFFFF;</Line>
				<Line Number="857" Count="0">                    actual_val &amp;= 0x00000000FFFFFFFF;</Line>
				<Line Number="858" Count="-1">                }</Line>
				<Line Number="859" Count="-1">#endif</Line>
				<Line Number="860" Count="0">                increment  = sizeof(UNITY_INT32);</Line>
				<Line Number="861" Count="0">                length = 4;</Line>
				<Line Number="862" Count="0">                break;</Line>
				<Line Number="863" Count="-1">        }</Line>
				<Line Number="864" Count="-1"></Line>
				<Line Number="865" Count="0">        if (expect_val != actual_val)</Line>
				<Line Number="866" Count="-1">        {</Line>
				<Line Number="867" Count="0">            if ((style &amp; UNITY_DISPLAY_RANGE_UINT) &amp;&amp; (length &lt; (UNITY_INT_WIDTH / 8)))</Line>
				<Line Number="868" Count="-1">            {   /* For UINT, remove sign extension (padding 1's) from signed type casts above */</Line>
				<Line Number="869" Count="0">                UNITY_INT mask = 1;</Line>
				<Line Number="870" Count="0">                mask = (mask &lt;&lt; 8 * length) - 1;</Line>
				<Line Number="871" Count="0">                expect_val &amp;= mask;</Line>
				<Line Number="872" Count="0">                actual_val &amp;= mask;</Line>
				<Line Number="873" Count="-1">            }</Line>
				<Line Number="874" Count="0">            UnityTestResultsFailBegin(lineNumber);</Line>
				<Line Number="875" Count="0">            UnityPrint(UnityStrElement);</Line>
				<Line Number="876" Count="0">            UnityPrintNumberUnsigned(num_elements - elements - 1);</Line>
				<Line Number="877" Count="0">            UnityPrint(UnityStrExpected);</Line>
				<Line Number="878" Count="0">            UnityPrintNumberByStyle(expect_val, style);</Line>
				<Line Number="879" Count="0">            UnityPrint(UnityStrWas);</Line>
				<Line Number="880" Count="0">            UnityPrintNumberByStyle(actual_val, style);</Line>
				<Line Number="881" Count="0">            UnityAddMsgIfSpecified(msg);</Line>
				<Line Number="882" Count="0">            UNITY_FAIL_AND_BAIL;</Line>
				<Line Number="883" Count="-1">        }</Line>
				<Line Number="884" Count="-1">        /* Walk through array by incrementing the pointers */</Line>
				<Line Number="885" Count="0">        if (flags == UNITY_ARRAY_TO_ARRAY)</Line>
				<Line Number="886" Count="-1">        {</Line>
				<Line Number="887" Count="0">            expected = (UNITY_INTERNAL_PTR)((const char*)expected + increment);</Line>
				<Line Number="888" Count="-1">        }</Line>
				<Line Number="889" Count="0">        actual = (UNITY_INTERNAL_PTR)((const char*)actual + increment);</Line>
				<Line Number="890" Count="-1">    }</Line>
				<Line Number="891" Count="-1">}</Line>
				<Line Number="892" Count="-1"></Line>
				<Line Number="893" Count="-1">/*-----------------------------------------------*/</Line>
				<Line Number="894" Count="-1">#ifndef UNITY_EXCLUDE_FLOAT</Line>
				<Line Number="895" Count="-1">/* Wrap this define in a function with variable types as float or double */</Line>
				<Line Number="896" Count="-1">#define UNITY_FLOAT_OR_DOUBLE_WITHIN(delta, expected, actual, diff)                           \</Line>
				<Line Number="897" Count="-1">    if (UNITY_IS_INF(expected) &amp;&amp; UNITY_IS_INF(actual) &amp;&amp; (((expected) &lt; 0) == ((actual) &lt; 0))) return 1;   \</Line>
				<Line Number="898" Count="-1">    if (UNITY_NAN_CHECK) return 1;                                                            \</Line>
				<Line Number="899" Count="-1">    (diff) = (actual) - (expected);                                                           \</Line>
				<Line Number="900" Count="-1">    if ((diff) &lt; 0) (diff) = -(diff);                                                         \</Line>
				<Line Number="901" Count="-1">    if ((delta) &lt; 0) (delta) = -(delta);                                                      \</Line>
				<Line Number="902" Count="-1">    return !(UNITY_IS_NAN(diff) || UNITY_IS_INF(diff) || ((diff) &gt; (delta)))</Line>
				<Line Number="903" Count="-1">    /* This first part of this condition will catch any NaN or Infinite values */</Line>
				<Line Number="904" Count="-1">#ifndef UNITY_NAN_NOT_EQUAL_NAN</Line>
				<Line Number="905" Count="-1">  #define UNITY_NAN_CHECK UNITY_IS_NAN(expected) &amp;&amp; UNITY_IS_NAN(actual)</Line>
				<Line Number="906" Count="-1">#else</Line>
				<Line Number="907" Count="-1">  #define UNITY_NAN_CHECK 0</Line>
				<Line Number="908" Count="-1">#endif</Line>
				<Line Number="909" Count="-1"></Line>
				<Line Number="910" Count="-1">#ifndef UNITY_EXCLUDE_FLOAT_PRINT</Line>
				<Line Number="911" Count="-1">  #define UNITY_PRINT_EXPECTED_AND_ACTUAL_FLOAT(expected, actual) \</Line>
				<Line Number="912" Count="-1">  do {                                                            \</Line>
				<Line Number="913" Count="-1">    UnityPrint(UnityStrExpected);                                 \</Line>
				<Line Number="914" Count="-1">    UnityPrintFloat(expected);                                    \</Line>
				<Line Number="915" Count="-1">    UnityPrint(UnityStrWas);                                      \</Line>
				<Line Number="916" Count="-1">    UnityPrintFloat(actual);                                      \</Line>
				<Line Number="917" Count="-1">  } while (0)</Line>
				<Line Number="918" Count="-1">#else</Line>
				<Line Number="919" Count="-1">  #define UNITY_PRINT_EXPECTED_AND_ACTUAL_FLOAT(expected, actual) \</Line>
				<Line Number="920" Count="-1">    UnityPrint(UnityStrDelta)</Line>
				<Line Number="921" Count="-1">#endif /* UNITY_EXCLUDE_FLOAT_PRINT */</Line>
				<Line Number="922" Count="-1"></Line>
				<Line Number="923" Count="-1">/*-----------------------------------------------*/</Line>
				<Line Number="924" Count="0">static int UnityFloatsWithin(UNITY_FLOAT delta, UNITY_FLOAT expected, UNITY_FLOAT actual)</Line>
				<Line Number="925" Count="-1">{</Line>
				<Line Number="926" Count="-1">    UNITY_FLOAT diff;</Line>
				<Line Number="927" Count="0">    UNITY_FLOAT_OR_DOUBLE_WITHIN(delta, expected, actual, diff);</Line>
				<Line Number="928" Count="-1">}</Line>
				<Line Number="929" Count="-1"></Line>
				<Line Number="930" Count="-1">/*-----------------------------------------------*/</Line>
				<Line Number="931" Count="0">void UnityAssertWithinFloatArray(const UNITY_FLOAT delta,</Line>
				<Line Number="932" Count="-1">                                 UNITY_PTR_ATTRIBUTE const UNITY_FLOAT* expected,</Line>
				<Line Number="933" Count="-1">                                 UNITY_PTR_ATTRIBUTE const UNITY_FLOAT* actual,</Line>
				<Line Number="934" Count="-1">                                 const UNITY_UINT32 num_elements,</Line>
				<Line Number="935" Count="-1">                                 const char* msg,</Line>
				<Line Number="936" Count="-1">                                 const UNITY_LINE_TYPE lineNumber,</Line>
				<Line Number="937" Count="-1">                                 const UNITY_FLAGS_T flags)</Line>
				<Line Number="938" Count="-1">{</Line>
				<Line Number="939" Count="0">    UNITY_UINT32 elements = num_elements;</Line>
				<Line Number="940" Count="0">    UNITY_PTR_ATTRIBUTE const UNITY_FLOAT* ptr_expected = expected;</Line>
				<Line Number="941" Count="0">    UNITY_PTR_ATTRIBUTE const UNITY_FLOAT* ptr_actual = actual;</Line>
				<Line Number="942" Count="0">    UNITY_FLOAT in_delta = delta;</Line>
				<Line Number="943" Count="0">    UNITY_FLOAT current_element_delta = delta;</Line>
				<Line Number="944" Count="-1"></Line>
				<Line Number="945" Count="0">    RETURN_IF_FAIL_OR_IGNORE;</Line>
				<Line Number="946" Count="-1"></Line>
				<Line Number="947" Count="0">    if (elements == 0)</Line>
				<Line Number="948" Count="-1">    {</Line>
				<Line Number="949" Count="-1">#ifdef UNITY_COMPARE_PTRS_ON_ZERO_ARRAY</Line>
				<Line Number="950" Count="-1">        UNITY_TEST_ASSERT_EQUAL_PTR(expected, actual, lineNumber, msg);</Line>
				<Line Number="951" Count="-1">#else</Line>
				<Line Number="952" Count="0">        UnityPrintPointlessAndBail();</Line>
				<Line Number="953" Count="-1">#endif</Line>
				<Line Number="954" Count="-1">    }</Line>
				<Line Number="955" Count="-1"></Line>
				<Line Number="956" Count="0">    if (UNITY_IS_INF(in_delta))</Line>
				<Line Number="957" Count="-1">    {</Line>
				<Line Number="958" Count="0">        return; /* Arrays will be force equal with infinite delta */</Line>
				<Line Number="959" Count="-1">    }</Line>
				<Line Number="960" Count="-1"></Line>
				<Line Number="961" Count="0">    if (UNITY_IS_NAN(in_delta))</Line>
				<Line Number="962" Count="-1">    {</Line>
				<Line Number="963" Count="-1">        /* Delta must be correct number */</Line>
				<Line Number="964" Count="0">        UnityPrintPointlessAndBail();</Line>
				<Line Number="965" Count="-1">    }</Line>
				<Line Number="966" Count="-1"></Line>
				<Line Number="967" Count="0">    if (expected == actual)</Line>
				<Line Number="968" Count="-1">    {</Line>
				<Line Number="969" Count="0">        return; /* Both are NULL or same pointer */</Line>
				<Line Number="970" Count="-1">    }</Line>
				<Line Number="971" Count="-1"></Line>
				<Line Number="972" Count="0">    if (UnityIsOneArrayNull((UNITY_INTERNAL_PTR)expected, (UNITY_INTERNAL_PTR)actual, lineNumber, msg))</Line>
				<Line Number="973" Count="-1">    {</Line>
				<Line Number="974" Count="0">        UNITY_FAIL_AND_BAIL;</Line>
				<Line Number="975" Count="-1">    }</Line>
				<Line Number="976" Count="-1"></Line>
				<Line Number="977" Count="-1">    /* fix delta sign if need */</Line>
				<Line Number="978" Count="0">    if (in_delta &lt; 0)</Line>
				<Line Number="979" Count="-1">    {</Line>
				<Line Number="980" Count="0">        in_delta = -in_delta;</Line>
				<Line Number="981" Count="-1">    }</Line>
				<Line Number="982" Count="-1"></Line>
				<Line Number="983" Count="0">    while (elements--)</Line>
				<Line Number="984" Count="-1">    {</Line>
				<Line Number="985" Count="0">        current_element_delta = *ptr_expected * UNITY_FLOAT_PRECISION;</Line>
				<Line Number="986" Count="-1"></Line>
				<Line Number="987" Count="0">        if (current_element_delta &lt; 0)</Line>
				<Line Number="988" Count="-1">        {</Line>
				<Line Number="989" Count="-1">            /* fix delta sign for correct calculations */</Line>
				<Line Number="990" Count="0">            current_element_delta = -current_element_delta;</Line>
				<Line Number="991" Count="-1">        }</Line>
				<Line Number="992" Count="-1"></Line>
				<Line Number="993" Count="0">        if (!UnityFloatsWithin(in_delta + current_element_delta, *ptr_expected, *ptr_actual))</Line>
				<Line Number="994" Count="-1">        {</Line>
				<Line Number="995" Count="0">            UnityTestResultsFailBegin(lineNumber);</Line>
				<Line Number="996" Count="0">            UnityPrint(UnityStrElement);</Line>
				<Line Number="997" Count="0">            UnityPrintNumberUnsigned(num_elements - elements - 1);</Line>
				<Line Number="998" Count="0">            UNITY_PRINT_EXPECTED_AND_ACTUAL_FLOAT((UNITY_DOUBLE)*ptr_expected, (UNITY_DOUBLE)*ptr_actual);</Line>
				<Line Number="999" Count="0">            UnityAddMsgIfSpecified(msg);</Line>
				<Line Number="1000" Count="0">            UNITY_FAIL_AND_BAIL;</Line>
				<Line Number="1001" Count="-1">        }</Line>
				<Line Number="1002" Count="0">        if (flags == UNITY_ARRAY_TO_ARRAY)</Line>
				<Line Number="1003" Count="-1">        {</Line>
				<Line Number="1004" Count="0">            ptr_expected++;</Line>
				<Line Number="1005" Count="-1">        }</Line>
				<Line Number="1006" Count="0">        ptr_actual++;</Line>
				<Line Number="1007" Count="-1">    }</Line>
				<Line Number="1008" Count="-1">}</Line>
				<Line Number="1009" Count="-1"></Line>
				<Line Number="1010" Count="-1">/*-----------------------------------------------*/</Line>
				<Line Number="1011" Count="0">void UnityAssertFloatsWithin(const UNITY_FLOAT delta,</Line>
				<Line Number="1012" Count="-1">                             const UNITY_FLOAT expected,</Line>
				<Line Number="1013" Count="-1">                             const UNITY_FLOAT actual,</Line>
				<Line Number="1014" Count="-1">                             const char* msg,</Line>
				<Line Number="1015" Count="-1">                             const UNITY_LINE_TYPE lineNumber)</Line>
				<Line Number="1016" Count="-1">{</Line>
				<Line Number="1017" Count="0">    RETURN_IF_FAIL_OR_IGNORE;</Line>
				<Line Number="1018" Count="-1"></Line>
				<Line Number="1019" Count="-1"></Line>
				<Line Number="1020" Count="0">    if (!UnityFloatsWithin(delta, expected, actual))</Line>
				<Line Number="1021" Count="-1">    {</Line>
				<Line Number="1022" Count="0">        UnityTestResultsFailBegin(lineNumber);</Line>
				<Line Number="1023" Count="0">        UNITY_PRINT_EXPECTED_AND_ACTUAL_FLOAT((UNITY_DOUBLE)expected, (UNITY_DOUBLE)actual);</Line>
				<Line Number="1024" Count="0">        UnityAddMsgIfSpecified(msg);</Line>
				<Line Number="1025" Count="0">        UNITY_FAIL_AND_BAIL;</Line>
				<Line Number="1026" Count="-1">    }</Line>
				<Line Number="1027" Count="0">}</Line>
				<Line Number="1028" Count="-1"></Line>
				<Line Number="1029" Count="-1">/*-----------------------------------------------*/</Line>
				<Line Number="1030" Count="0">void UnityAssertFloatsNotWithin(const UNITY_FLOAT delta,</Line>
				<Line Number="1031" Count="-1">                                const UNITY_FLOAT expected,</Line>
				<Line Number="1032" Count="-1">                                const UNITY_FLOAT actual,</Line>
				<Line Number="1033" Count="-1">                                const char* msg,</Line>
				<Line Number="1034" Count="-1">                                const UNITY_LINE_TYPE lineNumber)</Line>
				<Line Number="1035" Count="-1">{</Line>
				<Line Number="1036" Count="0">    RETURN_IF_FAIL_OR_IGNORE;</Line>
				<Line Number="1037" Count="-1"></Line>
				<Line Number="1038" Count="0">    if (UnityFloatsWithin(delta, expected, actual))</Line>
				<Line Number="1039" Count="-1">    {</Line>
				<Line Number="1040" Count="0">        UnityTestResultsFailBegin(lineNumber);</Line>
				<Line Number="1041" Count="0">        UnityPrint(UnityStrExpected);</Line>
				<Line Number="1042" Count="0">        UnityPrintFloat((UNITY_DOUBLE)expected);</Line>
				<Line Number="1043" Count="0">        UnityPrint(UnityStrNotEqual);</Line>
				<Line Number="1044" Count="0">        UnityPrintFloat((UNITY_DOUBLE)actual);</Line>
				<Line Number="1045" Count="0">        UnityAddMsgIfSpecified(msg);</Line>
				<Line Number="1046" Count="0">        UNITY_FAIL_AND_BAIL;</Line>
				<Line Number="1047" Count="-1">    }</Line>
				<Line Number="1048" Count="0">}</Line>
				<Line Number="1049" Count="-1"></Line>
				<Line Number="1050" Count="-1">/*-----------------------------------------------*/</Line>
				<Line Number="1051" Count="0">void UnityAssertGreaterOrLessFloat(const UNITY_FLOAT threshold,</Line>
				<Line Number="1052" Count="-1">                                   const UNITY_FLOAT actual,</Line>
				<Line Number="1053" Count="-1">                                   const UNITY_COMPARISON_T compare,</Line>
				<Line Number="1054" Count="-1">                                   const char* msg,</Line>
				<Line Number="1055" Count="-1">                                   const UNITY_LINE_TYPE lineNumber)</Line>
				<Line Number="1056" Count="-1">{</Line>
				<Line Number="1057" Count="-1">    int failed;</Line>
				<Line Number="1058" Count="-1"></Line>
				<Line Number="1059" Count="0">    RETURN_IF_FAIL_OR_IGNORE;</Line>
				<Line Number="1060" Count="-1"></Line>
				<Line Number="1061" Count="0">    failed = 0;</Line>
				<Line Number="1062" Count="-1"></Line>
				<Line Number="1063" Count="-1">    /* Checking for "not success" rather than failure to get the right result for NaN */</Line>
				<Line Number="1064" Count="0">    if (!(actual &lt; threshold) &amp;&amp; (compare &amp; UNITY_SMALLER_THAN)) { failed = 1; }</Line>
				<Line Number="1065" Count="0">    if (!(actual &gt; threshold) &amp;&amp; (compare &amp; UNITY_GREATER_THAN)) { failed = 1; }</Line>
				<Line Number="1066" Count="-1"></Line>
				<Line Number="1067" Count="0">    if ((compare &amp; UNITY_EQUAL_TO) &amp;&amp; UnityFloatsWithin(threshold * UNITY_FLOAT_PRECISION, threshold, actual)) { failed = 0; }</Line>
				<Line Number="1068" Count="-1"></Line>
				<Line Number="1069" Count="0">    if (failed)</Line>
				<Line Number="1070" Count="-1">    {</Line>
[...]
				<Line Number="72" Count="1">    free(stringRepository);</Line>
				<Line Number="73" Count="1">}</Line>
				<Line Number="74" Count="-1"></Line>
				<Line Number="75" Count="1">void test_freeMemoryRandom(void) {</Line>
				<Line Number="76" Count="-1">    // Initialize the repository</Line>
				<Line Number="77" Count="1">    StringRepository * repository = dOS_initStringRepository();</Line>
				<Line Number="78" Count="1">    TEST_ASSERT_NOT_NULL(repository);</Line>
				<Line Number="79" Count="-1"></Line>
				<Line Number="80" Count="-1">    // Add some strings to the repository for testing</Line>
				<Line Number="81" Count="9">    for (int i = 0; i &lt; MAX_SIZE_STRING_DB; i++) {</Line>
				<Line Number="82" Count="8">        LazyLoadingString* lazyString = malloc(sizeof(LazyLoadingString));</Line>
				<Line Number="83" Count="8">        lazyString-&gt;pointerToString = malloc(10 * sizeof(char)); // Allocate memory for pointerToString</Line>
				<Line Number="84" Count="8">        repository-&gt;arrayOfManagedLazyStringPointers[i] = lazyString;</Line>
				<Line Number="85" Count="8">        repository-&gt;arrayOfManagedLazyStringPointers[i]-&gt;flashString = (const char *) (i + 0xff);</Line>
				<Line Number="86" Count="-1"></Line>
				<Line Number="87" Count="-1">    }</Line>
				<Line Number="88" Count="-1"></Line>
				<Line Number="89" Count="-1">    // Free memory randomly with a percentage of 50%</Line>
				<Line Number="90" Count="1">    repository-&gt;freeMemoryRandom(50);</Line>
				<Line Number="91" Count="-1"></Line>
				<Line Number="92" Count="-1">    // Check if approximately half of the strings are deallocated</Line>
				<Line Number="93" Count="1">    int deallocatedCount = 0;</Line>
				<Line Number="94" Count="9">    for (int i = 0; i &lt; MAX_SIZE_STRING_DB; i++) {</Line>
				<Line Number="95" Count="8">        if (repository-&gt;arrayOfManagedLazyStringPointers[i]-&gt;pointerToString == NULL) {</Line>
				<Line Number="96" Count="4">            deallocatedCount++;</Line>
				<Line Number="97" Count="-1">        }</Line>
				<Line Number="98" Count="-1">    }</Line>
				<Line Number="99" Count="-1">    // Allow some tolerance due to rounding errors</Line>
				<Line Number="100" Count="1">    int expectedDeallocatedCount = MAX_SIZE_STRING_DB / 2;</Line>
				<Line Number="101" Count="1">    TEST_ASSERT_TRUE(abs(deallocatedCount - expectedDeallocatedCount) &lt;= 1);</Line>
				<Line Number="102" Count="-1"></Line>
				<Line Number="103" Count="-1">    // Free the remaining strings</Line>
				<Line Number="104" Count="9">    for (int i = 0; i &lt; MAX_SIZE_STRING_DB; i++) {</Line>
				<Line Number="105" Count="8">        if (repository-&gt;arrayOfManagedLazyStringPointers[i] != NULL) {</Line>
				<Line Number="106" Count="8">            free(repository-&gt;arrayOfManagedLazyStringPointers[i]-&gt;pointerToString);</Line>
				<Line Number="107" Count="8">            free(repository-&gt;arrayOfManagedLazyStringPointers[i]);</Line>
				<Line Number="108" Count="-1">        }</Line>
				<Line Number="109" Count="-1">    }</Line>
				<Line Number="110" Count="1">    free(repository);</Line>
				<Line Number="111" Count="1">}</Line>
				<Line Number="112" Count="-1"></Line>
				<Line Number="113" Count="1">int main(void) {</Line>
				<Line Number="114" Count="1">    UNITY_BEGIN();</Line>
				<Line Number="115" Count="-1">    // Run tests</Line>
				<Line Number="116" Count="1">    RUN_TEST(test_addString);</Line>
				<Line Number="117" Count="1">    RUN_TEST(test_getString);</Line>
				<Line Number="118" Count="1">    RUN_TEST(test_freeString);</Line>
				<Line Number="119" Count="1">    RUN_TEST(test_removeStringFromManagement);</Line>
				<Line Number="120" Count="1">    RUN_TEST(test_freeMemoryRandom);</Line>
				<Line Number="121" Count="1">    return UNITY_END();</Line>
				<Line Number="122" Count="-1">}</Line>
			</Report>
		</File>
		<File Name="_time.c" FullPath="./tests/_time.c">
			<Report>
				<Line Number="0" Count="-1">#include &lt;time.h&gt;</Line>
				<Line Number="1" Count="-1">#include &lt;unity.h&gt;</Line>
				<Line Number="2" Count="-1"></Line>
				<Line Number="3" Count="-1">//given</Line>
				<Line Number="4" Count="-1">struct tm     epochStartDate = {0, 0, 0, 1, 1, EPOCH_YEAR};</Line>
				<Line Number="5" Count="-1">struct tm     februaryThirteenth2021 = {0, 0, 0, 13, 2, 2021, 0, 0, 1};</Line>
				<Line Number="6" Count="-1">struct tm     julyThirteenth2021 = {0, 0, 0, 13, 7, 2021, 0, 0, 2};</Line>
				<Line Number="7" Count="-1">const uint32_t      februaryThirteenth2021Time_T = 666489600;</Line>
				<Line Number="8" Count="-1">const uint32_t      julyThirtieth2021Time_T = 679449600;</Line>
				<Line Number="9" Count="-1"></Line>
				<Line Number="10" Count="-1">//declaration for the helper functions that aren't present in the header</Line>
				<Line Number="11" Count="-1">uint16_t            calcYear(uint32_t *days);</Line>
				<Line Number="12" Count="-1">uint8_t             daysInMonth(uint16_t year, uint8_t month);</Line>
				<Line Number="13" Count="-1">uint8_t             calcUtcOffset(uint32_t epochTimeY2K);</Line>
				<Line Number="14" Count="-1">uint8_t             calcMonth(uint32_t *days, uint16_t year);</Line>
				<Line Number="15" Count="-1">uint8_t             isDst(uint16_t year, uint8_t month, uint8_t day);</Line>
				<Line Number="16" Count="-1">uint8_t             calcZellerCongruence(uint16_t year, uint8_t month, uint8_t day);</Line>
				<Line Number="17" Count="-1">#include "../src/time.c"</Line>
				<Line Number="18" Count="-1"></Line>
				<Line Number="19" Count="19">void setUp(void) {}</Line>
				<Line Number="20" Count="19">void tearDown(void) {}</Line>
				<Line Number="21" Count="-1"></Line>
				<Line Number="22" Count="-1">//iso functions</Line>
				<Line Number="23" Count="-1"></Line>
				<Line Number="24" Count="1">void mktime_epochStartDateUTC_returnZero(void) {</Line>
				<Line Number="25" Count="-1"></Line>
				<Line Number="26" Count="1">    uint32_t resultInt32 = mktime(&amp;epochStartDate);</Line>
				<Line Number="27" Count="1">    uint32_t expected_result = 0;</Line>
				<Line Number="28" Count="1">    TEST_ASSERT_EQUAL_UINT32(expected_result, resultInt32);</Line>
				<Line Number="29" Count="1">}</Line>
				<Line Number="30" Count="-1"></Line>
				<Line Number="31" Count="1">void mktime_februaryThirteenthCET_calculateCorrectly(void) {</Line>
				<Line Number="32" Count="-1"></Line>
				<Line Number="33" Count="1">    uint32_t resultInt32 = mktime(&amp;februaryThirteenth2021);</Line>
				<Line Number="34" Count="1">    uint32_t expected_result = februaryThirteenth2021Time_T;</Line>
				<Line Number="35" Count="1">    TEST_ASSERT_EQUAL_UINT32(expected_result, resultInt32);</Line>
				<Line Number="36" Count="1">}</Line>
				<Line Number="37" Count="-1"></Line>
				<Line Number="38" Count="1">void mktime_julyThirteenthCEST_calculateCorrectly(void) {</Line>
				<Line Number="39" Count="-1"></Line>
				<Line Number="40" Count="1">    uint32_t resultInt32 = mktime(&amp;julyThirteenth2021);</Line>
				<Line Number="41" Count="1">    uint32_t expected_result = julyThirtieth2021Time_T;</Line>
				<Line Number="42" Count="1">    TEST_ASSERT_EQUAL_UINT32(expected_result, resultInt32);</Line>
				<Line Number="43" Count="1">}</Line>
				<Line Number="44" Count="-1">// Helper function to test asctime with a given timestamp</Line>
				<Line Number="45" Count="3">void test_asctime_with_timestamp(struct tm * timestamp, const char * expected_format, size_t expected_length) {</Line>
				<Line Number="46" Count="3">    char * resultString = asctime(timestamp);</Line>
				<Line Number="47" Count="3">    TEST_ASSERT_NOT_NULL(resultString);</Line>
				<Line Number="48" Count="-1"></Line>
				<Line Number="49" Count="3">    char expected_result[expected_length];</Line>
				<Line Number="50" Count="3">    sprintf(expected_result, expected_format,</Line>
				<Line Number="51" Count="3">            timestamp-&gt;tm_year, timestamp-&gt;tm_mon, timestamp-&gt;tm_mday,</Line>
				<Line Number="52" Count="3">            timestamp-&gt;tm_hour, timestamp-&gt;tm_min, timestamp-&gt;tm_sec);</Line>
				<Line Number="53" Count="-1"></Line>
				<Line Number="54" Count="3">    TEST_ASSERT_EQUAL_STRING(expected_result, resultString);</Line>
				<Line Number="55" Count="3">    size_t result_length = 0;</Line>
				<Line Number="56" Count="78">    while (resultString[result_length] != '\0') {result_length++;}</Line>
				<Line Number="57" Count="3">    TEST_ASSERT_EQUAL_UINT32(expected_length, result_length);</Line>
				<Line Number="58" Count="3">}</Line>
				<Line Number="59" Count="-1"></Line>
				<Line Number="60" Count="1">void asctime_UtcCetCestTimestamps_createThreeStringsWithCorrectTimezones(void) {</Line>
				<Line Number="61" Count="-1">    // Testing with epochStartDate</Line>
				<Line Number="62" Count="1">    test_asctime_with_timestamp(&amp;epochStartDate, "%04d-%02d-%02d %02d:%02d:%02d (UTC)", 25);</Line>
				<Line Number="63" Count="-1"></Line>
				<Line Number="64" Count="-1">    // Testing with februaryThirteenth2021</Line>
				<Line Number="65" Count="1">    test_asctime_with_timestamp(&amp;februaryThirteenth2021, "%04d-%02d-%02d %02d:%02d:%02d (CET)", 25);</Line>
				<Line Number="66" Count="-1"></Line>
				<Line Number="67" Count="-1">    // Testing with julyThirteenth2021</Line>
				<Line Number="68" Count="1">    test_asctime_with_timestamp(&amp;julyThirteenth2021, "%04d-%02d-%02d %02d:%02d:%02d(CEST)", 25);</Line>
				<Line Number="69" Count="1">}</Line>
				<Line Number="70" Count="-1"></Line>
				<Line Number="71" Count="1">void localtime_februaryThirteenthCET_returnCorrectWintertimeStruct(void) {</Line>
				<Line Number="72" Count="-1"></Line>
				<Line Number="73" Count="1">    struct tm * result = localtime(&amp;februaryThirteenth2021Time_T);</Line>
				<Line Number="74" Count="-1">    //add one hour because of CET</Line>
				<Line Number="75" Count="1">    TEST_ASSERT_NOT_NULL(result);</Line>
				<Line Number="76" Count="1">    TEST_ASSERT_EQUAL_INT(0, result-&gt;tm_sec);</Line>
				<Line Number="77" Count="1">    TEST_ASSERT_EQUAL_INT(0, result-&gt;tm_min);</Line>
				<Line Number="78" Count="1">    TEST_ASSERT_EQUAL_INT(1, result-&gt;tm_hour);</Line>
				<Line Number="79" Count="1">    TEST_ASSERT_EQUAL_INT(13, result-&gt;tm_mday);</Line>
				<Line Number="80" Count="1">    TEST_ASSERT_EQUAL_INT(2, result-&gt;tm_mon);</Line>
				<Line Number="81" Count="1">    TEST_ASSERT_EQUAL_INT(2021, result-&gt;tm_year);</Line>
				<Line Number="82" Count="1">    free(result);</Line>
				<Line Number="83" Count="1">}</Line>
				<Line Number="84" Count="-1"></Line>
				<Line Number="85" Count="1">void localtime_julyThirteenthCEST_returnCorrectSummertimeStruct(void) {</Line>
				<Line Number="86" Count="1">    struct tm * result = localtime(&amp;februaryThirteenth2021Time_T);</Line>
				<Line Number="87" Count="1">    result = localtime(&amp;julyThirtieth2021Time_T);</Line>
				<Line Number="88" Count="-1">    //add two hours because of CEST</Line>
				<Line Number="89" Count="1">    TEST_ASSERT_NOT_NULL(result);</Line>
				<Line Number="90" Count="1">    TEST_ASSERT_EQUAL_INT(0, result-&gt;tm_sec);</Line>
				<Line Number="91" Count="1">    TEST_ASSERT_EQUAL_INT(0, result-&gt;tm_min);</Line>
				<Line Number="92" Count="1">    TEST_ASSERT_EQUAL_INT(2, result-&gt;tm_hour);</Line>
				<Line Number="93" Count="1">    TEST_ASSERT_EQUAL_INT(13, result-&gt;tm_mday);</Line>
				<Line Number="94" Count="1">    TEST_ASSERT_EQUAL_INT(7, result-&gt;tm_mon);</Line>
				<Line Number="95" Count="1">    TEST_ASSERT_EQUAL_INT(2021, result-&gt;tm_year);</Line>
				<Line Number="96" Count="1">}</Line>
				<Line Number="97" Count="-1"></Line>
				<Line Number="98" Count="-1">//helper functions</Line>
				<Line Number="99" Count="-1"></Line>
				<Line Number="100" Count="1">void calcYear_startEpoch2YK366days_shouldBeEpochYearPlusOne(void) {</Line>
				<Line Number="101" Count="1">    uint32_t days = 366; // Year 2000 was a Leap Year</Line>
				<Line Number="102" Count="1">    uint16_t resultYear = calcYear(&amp;days);</Line>
				<Line Number="103" Count="1">    TEST_ASSERT_EQUAL_UINT16(EPOCH_YEAR + 1, resultYear);</Line>
				<Line Number="104" Count="1">}</Line>
				<Line Number="105" Count="-1"></Line>
				<Line Number="106" Count="1">void daysInMonth_februaryLeapYear_shouldReturn29(void) {</Line>
				<Line Number="107" Count="1">    uint8_t resultMonth = daysInMonth(2024, 2);</Line>
				<Line Number="108" Count="1">    TEST_ASSERT_EQUAL_UINT8(29, resultMonth); // Leap year</Line>
				<Line Number="109" Count="1">}</Line>
				<Line Number="110" Count="-1"></Line>
				<Line Number="111" Count="1">void calcUtcOffset_ForFebruaryAndJuly_shouldReturnBothValuesCorrectly(void) {</Line>
				<Line Number="112" Count="1">    uint8_t resultOffset = calcUtcOffset(februaryThirteenth2021Time_T);</Line>
				<Line Number="113" Count="1">    TEST_ASSERT_EQUAL_UINT8(1, resultOffset);</Line>
				<Line Number="114" Count="-1"></Line>
				<Line Number="115" Count="1">    uint8_t resultOffset2 = calcUtcOffset(julyThirtieth2021Time_T);</Line>
				<Line Number="116" Count="1">    TEST_ASSERT_EQUAL_UINT8(2, resultOffset2);</Line>
				<Line Number="117" Count="1">}</Line>
				<Line Number="118" Count="-1"></Line>
				<Line Number="119" Count="1">void isDST_julyThirtieth2021_returnTrue(void) {</Line>
				<Line Number="120" Count="1">    uint8_t resultOffset2 = isDst(2021, 7, 13);</Line>
				<Line Number="121" Count="1">    TEST_ASSERT_EQUAL_UINT8(1, resultOffset2);</Line>
				<Line Number="122" Count="1">}</Line>
				<Line Number="123" Count="-1"></Line>
				<Line Number="124" Count="1">void isDST_octoberTwentySeventh2024_returnFalse(void) {</Line>
				<Line Number="125" Count="1">    uint8_t resultOffset2 = isDst(2024, 10, 27);</Line>
				<Line Number="126" Count="1">    TEST_ASSERT_EQUAL_UINT8(0, resultOffset2);</Line>
				<Line Number="127" Count="1">}</Line>
				<Line Number="128" Count="-1"></Line>
				<Line Number="129" Count="1">void isDST_octoberTwentySixth2024_returnTrue(void) {</Line>
				<Line Number="130" Count="1">    uint8_t resultOffset2 = isDst(2024, 10, 26);</Line>
				<Line Number="131" Count="1">    TEST_ASSERT_EQUAL_UINT8(1, resultOffset2);</Line>
				<Line Number="132" Count="1">}</Line>
				<Line Number="133" Count="-1"></Line>
				<Line Number="134" Count="1">void isDST_marchThirtyFirst2024_returnTrue(void) {</Line>
				<Line Number="135" Count="1">    uint8_t resultOffset2 = isDst(2024, 3, 31);</Line>
				<Line Number="136" Count="1">    TEST_ASSERT_EQUAL_UINT8(1, resultOffset2);</Line>
				<Line Number="137" Count="1">}</Line>
				<Line Number="138" Count="-1"></Line>
				<Line Number="139" Count="1">void isDST_marchThirtieth2024_returnFalse(void) {</Line>
				<Line Number="140" Count="1">    uint8_t resultOffset2 = isDst(2024, 3, 30);</Line>
				<Line Number="141" Count="1">    TEST_ASSERT_EQUAL_UINT8(0, resultOffset2);</Line>
				<Line Number="142" Count="1">}</Line>
				<Line Number="143" Count="-1"></Line>
				<Line Number="144" Count="1">void calcZellerCongruence_marchThirtieth2024_returnZeroForSaturday(void) {</Line>
				<Line Number="145" Count="1">    uint8_t resultOffset2 = calcZellerCongruence(2024, 3, 30);</Line>
				<Line Number="146" Count="1">    TEST_ASSERT_EQUAL_UINT8(0, resultOffset2);</Line>
				<Line Number="147" Count="1">}</Line>
				<Line Number="148" Count="-1"></Line>
				<Line Number="149" Count="1">void calcZellerCongruence_marchThirtyFirst2024_returnOneForSunday(void) {</Line>
				<Line Number="150" Count="1">    uint8_t resultOffset2 = calcZellerCongruence(2024, 3, 31);</Line>
				<Line Number="151" Count="1">    TEST_ASSERT_EQUAL_UINT8(1, resultOffset2);</Line>
				<Line Number="152" Count="1">}</Line>
				<Line Number="153" Count="-1"></Line>
				<Line Number="154" Count="1">void calcZellerCongruence_octoberThirtyFirst2024_return5ForThursday(void) {</Line>
				<Line Number="155" Count="1">    uint8_t resultOffset2 = calcZellerCongruence(2024, 10, 31);</Line>
				<Line Number="156" Count="1">    TEST_ASSERT_EQUAL_UINT8(5, resultOffset2);</Line>
				<Line Number="157" Count="1">}</Line>
				<Line Number="158" Count="-1"></Line>
				<Line Number="159" Count="1">void calcMonth_59daysLeapYear_returnFebruary(void) {</Line>
				<Line Number="160" Count="1">    uint32_t days = 59;</Line>
				<Line Number="161" Count="1">    uint8_t resultMonth = calcMonth(&amp;days, 2024);</Line>
				<Line Number="162" Count="1">    TEST_ASSERT_EQUAL_UINT8(2, resultMonth);</Line>
				<Line Number="163" Count="1">}</Line>
				<Line Number="164" Count="-1"></Line>
				<Line Number="165" Count="1">void calcMonth_59daysNonLeapYear_returnMarch(void) {</Line>
				<Line Number="166" Count="1">    uint32_t days = 59;</Line>
				<Line Number="167" Count="1">    uint8_t resultMonth = calcMonth(&amp;days, 2023);</Line>
				<Line Number="168" Count="1">    TEST_ASSERT_EQUAL_UINT8(3, resultMonth);</Line>
				<Line Number="169" Count="1">}</Line>
				<Line Number="170" Count="-1"></Line>
				<Line Number="171" Count="-1"></Line>
				<Line Number="172" Count="-1"></Line>
				<Line Number="173" Count="-1"></Line>
				<Line Number="174" Count="-1"></Line>
				<Line Number="175" Count="1">int main(void) {</Line>
				<Line Number="176" Count="1">    UNITY_BEGIN();</Line>
				<Line Number="177" Count="-1"></Line>
				<Line Number="178" Count="-1">    //iso functions</Line>
				<Line Number="179" Count="1">    RUN_TEST(mktime_epochStartDateUTC_returnZero);</Line>
				<Line Number="180" Count="1">    RUN_TEST(mktime_februaryThirteenthCET_calculateCorrectly);</Line>
				<Line Number="181" Count="1">    RUN_TEST(mktime_julyThirteenthCEST_calculateCorrectly);</Line>
				<Line Number="182" Count="1">    RUN_TEST(localtime_februaryThirteenthCET_returnCorrectWintertimeStruct);</Line>
				<Line Number="183" Count="1">    RUN_TEST(localtime_julyThirteenthCEST_returnCorrectSummertimeStruct);</Line>
				<Line Number="184" Count="1">    RUN_TEST(asctime_UtcCetCestTimestamps_createThreeStringsWithCorrectTimezones);</Line>
				<Line Number="185" Count="-1"></Line>
				<Line Number="186" Count="-1">    //helper functions</Line>
				<Line Number="187" Count="1">    RUN_TEST(calcYear_startEpoch2YK366days_shouldBeEpochYearPlusOne);</Line>
				<Line Number="188" Count="1">    RUN_TEST(daysInMonth_februaryLeapYear_shouldReturn29);</Line>
				<Line Number="189" Count="1">    RUN_TEST(calcUtcOffset_ForFebruaryAndJuly_shouldReturnBothValuesCorrectly);</Line>
				<Line Number="190" Count="1">    RUN_TEST(calcMonth_59daysLeapYear_returnFebruary);</Line>
				<Line Number="191" Count="1">    RUN_TEST(calcMonth_59daysNonLeapYear_returnMarch);</Line>
				<Line Number="192" Count="1">    RUN_TEST(isDST_julyThirtieth2021_returnTrue);</Line>
				<Line Number="193" Count="1">    RUN_TEST(isDST_octoberTwentySeventh2024_returnFalse);</Line>
				<Line Number="194" Count="1">    RUN_TEST(isDST_octoberTwentySixth2024_returnTrue);</Line>
				<Line Number="195" Count="1">    RUN_TEST(isDST_marchThirtyFirst2024_returnTrue);</Line>
				<Line Number="196" Count="1">    RUN_TEST(isDST_marchThirtieth2024_returnFalse);</Line>
				<Line Number="197" Count="1">    RUN_TEST(calcZellerCongruence_marchThirtieth2024_returnZeroForSaturday);</Line>
				<Line Number="198" Count="1">    RUN_TEST(calcZellerCongruence_marchThirtyFirst2024_returnOneForSunday);</Line>
				<Line Number="199" Count="1">    RUN_TEST(calcZellerCongruence_octoberThirtyFirst2024_return5ForThursday);</Line>
				<Line Number="200" Count="1">    return UNITY_END();</Line>
				<Line Number="201" Count="-1">}</Line>
			</Report>
		</File>
		<EndDateTime>Feb 28 21:45 Mitteleurop[NON-UTF-8-BYTE-0xE4]ische Zeit</EndDateTime>
		<EndTime>1709153139</EndTime>
	</CoverageLog>
</Site>
